{"/Users/dominicgrishajev/Workspace/Pet/react-habits-calendar-tracker/src/components/App.tsx": {"path":"/Users/dominicgrishajev/Workspace/Pet/react-habits-calendar-tracker/src/components/App.tsx","statementMap":{"0":{"start":{"line":20,"column":30},"end":{"line":30,"column":2}},"1":{"start":{"line":32,"column":12},"end":{"line":82,"column":1}},"2":{"start":{"line":33,"column":21},"end":{"line":33,"column":32}},"3":{"start":{"line":34,"column":16},"end":{"line":37,"column":4}},"4":{"start":{"line":38,"column":23},"end":{"line":38,"column":72}},"5":{"start":{"line":39,"column":16},"end":{"line":39,"column":58}},"6":{"start":{"line":41,"column":2},"end":{"line":81,"column":4}}},"fnMap":{"0":{"name":"(anonymous_0)","decl":{"start":{"line":32,"column":12},"end":{"line":32,"column":13}},"loc":{"start":{"line":32,"column":18},"end":{"line":82,"column":1}},"line":32}},"branchMap":{},"s":{"0":7,"1":7,"2":0,"3":0,"4":0,"5":0,"6":0},"f":{"0":0},"b":{},"_coverageSchema":"1a1c01bbd47fc00a2c39e90264f33305004495a9","hash":"965e8a51faf5c77c34bc25a48977372e7df2cd0a"}
,"/Users/dominicgrishajev/Workspace/Pet/react-habits-calendar-tracker/src/components/index.ts": {"path":"/Users/dominicgrishajev/Workspace/Pet/react-habits-calendar-tracker/src/components/index.ts","statementMap":{},"fnMap":{},"branchMap":{},"s":{},"f":{},"b":{},"_coverageSchema":"1a1c01bbd47fc00a2c39e90264f33305004495a9","hash":"9c78632f617ccd0ff31d4134fc0444adcf59b403"}
,"/Users/dominicgrishajev/Workspace/Pet/react-habits-calendar-tracker/src/components/calendar/Calendar.tsx": {"path":"/Users/dominicgrishajev/Workspace/Pet/react-habits-calendar-tracker/src/components/calendar/Calendar.tsx","statementMap":{"0":{"start":{"line":18,"column":17},"end":{"line":46,"column":1}},"1":{"start":{"line":20,"column":4},"end":{"line":20,"column":26}},"2":{"start":{"line":22,"column":41},"end":{"line":22,"column":57}},"3":{"start":{"line":24,"column":31},"end":{"line":29,"column":4}},"4":{"start":{"line":26,"column":8},"end":{"line":29,"column":3}},"5":{"start":{"line":31,"column":2},"end":{"line":45,"column":4}}},"fnMap":{"0":{"name":"(anonymous_0)","decl":{"start":{"line":18,"column":17},"end":{"line":18,"column":18}},"loc":{"start":{"line":18,"column":61},"end":{"line":46,"column":1}},"line":18},"1":{"name":"(anonymous_1)","decl":{"start":{"line":24,"column":31},"end":{"line":24,"column":32}},"loc":{"start":{"line":26,"column":8},"end":{"line":29,"column":3}},"line":26}},"branchMap":{"0":{"loc":{"start":{"line":27,"column":18},"end":{"line":27,"column":49}},"type":"binary-expr","locations":[{"start":{"line":27,"column":18},"end":{"line":27,"column":43}},{"start":{"line":27,"column":47},"end":{"line":27,"column":49}}],"line":27}},"s":{"0":8,"1":0,"2":0,"3":0,"4":0,"5":0},"f":{"0":0,"1":0},"b":{"0":[0,0]},"_coverageSchema":"1a1c01bbd47fc00a2c39e90264f33305004495a9","hash":"d19432b3ccd7d76b56fd0f94c96bd2e64ff32fc6"}
,"/Users/dominicgrishajev/Workspace/Pet/react-habits-calendar-tracker/src/components/calendar/CalendarCell.tsx": {"path":"/Users/dominicgrishajev/Workspace/Pet/react-habits-calendar-tracker/src/components/calendar/CalendarCell.tsx","statementMap":{"0":{"start":{"line":28,"column":21},"end":{"line":179,"column":1}},"1":{"start":{"line":38,"column":15},"end":{"line":38,"column":24}},"2":{"start":{"line":40,"column":4},"end":{"line":40,"column":20}},"3":{"start":{"line":41,"column":24},"end":{"line":41,"column":35}},"4":{"start":{"line":42,"column":30},"end":{"line":42,"column":51}},"5":{"start":{"line":43,"column":32},"end":{"line":43,"column":53}},"6":{"start":{"line":44,"column":18},"end":{"line":44,"column":52}},"7":{"start":{"line":45,"column":24},"end":{"line":45,"column":35}},"8":{"start":{"line":47,"column":2},"end":{"line":55,"column":54}},"9":{"start":{"line":48,"column":18},"end":{"line":48,"column":28}},"10":{"start":{"line":49,"column":4},"end":{"line":49,"column":42}},"11":{"start":{"line":50,"column":4},"end":{"line":54,"column":6}},"12":{"start":{"line":57,"column":22},"end":{"line":86,"column":4}},"13":{"start":{"line":58,"column":4},"end":{"line":60,"column":5}},"14":{"start":{"line":59,"column":6},"end":{"line":59,"column":18}},"15":{"start":{"line":62,"column":4},"end":{"line":72,"column":5}},"16":{"start":{"line":63,"column":6},"end":{"line":65,"column":7}},"17":{"start":{"line":64,"column":8},"end":{"line":64,"column":34}},"18":{"start":{"line":67,"column":6},"end":{"line":69,"column":7}},"19":{"start":{"line":68,"column":8},"end":{"line":68,"column":37}},"20":{"start":{"line":71,"column":6},"end":{"line":71,"column":13}},"21":{"start":{"line":74,"column":4},"end":{"line":74,"column":53}},"22":{"start":{"line":88,"column":2},"end":{"line":106,"column":29}},"23":{"start":{"line":89,"column":17},"end":{"line":89,"column":32}},"24":{"start":{"line":91,"column":4},"end":{"line":93,"column":5}},"25":{"start":{"line":92,"column":6},"end":{"line":92,"column":13}},"26":{"start":{"line":95,"column":25},"end":{"line":99,"column":5}},"27":{"start":{"line":96,"column":6},"end":{"line":98,"column":7}},"28":{"start":{"line":97,"column":8},"end":{"line":97,"column":22}},"29":{"start":{"line":101,"column":4},"end":{"line":101,"column":49}},"30":{"start":{"line":103,"column":4},"end":{"line":105,"column":6}},"31":{"start":{"line":104,"column":6},"end":{"line":104,"column":55}},"32":{"start":{"line":108,"column":36},"end":{"line":114,"column":3}},"33":{"start":{"line":112,"column":4},"end":{"line":112,"column":33}},"34":{"start":{"line":113,"column":4},"end":{"line":113,"column":43}},"35":{"start":{"line":116,"column":2},"end":{"line":178,"column":4}},"36":{"start":{"line":137,"column":29},"end":{"line":137,"column":60}},"37":{"start":{"line":138,"column":30},"end":{"line":138,"column":76}},"38":{"start":{"line":140,"column":33},"end":{"line":140,"column":70}},"39":{"start":{"line":142,"column":31},"end":{"line":154,"column":11}},"40":{"start":{"line":149,"column":16},"end":{"line":149,"column":63}},"41":{"start":{"line":156,"column":10},"end":{"line":174,"column":12}}},"fnMap":{"0":{"name":"(anonymous_0)","decl":{"start":{"line":28,"column":21},"end":{"line":28,"column":22}},"loc":{"start":{"line":37,"column":25},"end":{"line":179,"column":1}},"line":37},"1":{"name":"(anonymous_1)","decl":{"start":{"line":47,"column":18},"end":{"line":47,"column":19}},"loc":{"start":{"line":47,"column":24},"end":{"line":55,"column":3}},"line":47},"2":{"name":"(anonymous_2)","decl":{"start":{"line":57,"column":40},"end":{"line":57,"column":41}},"loc":{"start":{"line":57,"column":46},"end":{"line":75,"column":3}},"line":57},"3":{"name":"(anonymous_3)","decl":{"start":{"line":88,"column":18},"end":{"line":88,"column":19}},"loc":{"start":{"line":88,"column":24},"end":{"line":106,"column":3}},"line":88},"4":{"name":"(anonymous_4)","decl":{"start":{"line":95,"column":25},"end":{"line":95,"column":26}},"loc":{"start":{"line":95,"column":48},"end":{"line":99,"column":5}},"line":95},"5":{"name":"(anonymous_5)","decl":{"start":{"line":103,"column":11},"end":{"line":103,"column":12}},"loc":{"start":{"line":103,"column":17},"end":{"line":105,"column":5}},"line":103},"6":{"name":"(anonymous_6)","decl":{"start":{"line":108,"column":36},"end":{"line":108,"column":37}},"loc":{"start":{"line":111,"column":7},"end":{"line":114,"column":3}},"line":111},"7":{"name":"(anonymous_7)","decl":{"start":{"line":136,"column":20},"end":{"line":136,"column":21}},"loc":{"start":{"line":136,"column":31},"end":{"line":175,"column":9}},"line":136},"8":{"name":"(anonymous_8)","decl":{"start":{"line":148,"column":23},"end":{"line":148,"column":24}},"loc":{"start":{"line":149,"column":16},"end":{"line":149,"column":63}},"line":149}},"branchMap":{"0":{"loc":{"start":{"line":51,"column":6},"end":{"line":53,"column":40}},"type":"binary-expr","locations":[{"start":{"line":51,"column":6},"end":{"line":51,"column":36}},{"start":{"line":52,"column":8},"end":{"line":52,"column":43}},{"start":{"line":53,"column":8},"end":{"line":53,"column":40}}],"line":51},"1":{"loc":{"start":{"line":58,"column":4},"end":{"line":60,"column":5}},"type":"if","locations":[{"start":{"line":58,"column":4},"end":{"line":60,"column":5}},{"start":{},"end":{}}],"line":58},"2":{"loc":{"start":{"line":58,"column":8},"end":{"line":58,"column":40}},"type":"binary-expr","locations":[{"start":{"line":58,"column":8},"end":{"line":58,"column":27}},{"start":{"line":58,"column":31},"end":{"line":58,"column":40}}],"line":58},"3":{"loc":{"start":{"line":62,"column":4},"end":{"line":72,"column":5}},"type":"if","locations":[{"start":{"line":62,"column":4},"end":{"line":72,"column":5}},{"start":{},"end":{}}],"line":62},"4":{"loc":{"start":{"line":63,"column":6},"end":{"line":65,"column":7}},"type":"if","locations":[{"start":{"line":63,"column":6},"end":{"line":65,"column":7}},{"start":{},"end":{}}],"line":63},"5":{"loc":{"start":{"line":67,"column":6},"end":{"line":69,"column":7}},"type":"if","locations":[{"start":{"line":67,"column":6},"end":{"line":69,"column":7}},{"start":{},"end":{}}],"line":67},"6":{"loc":{"start":{"line":91,"column":4},"end":{"line":93,"column":5}},"type":"if","locations":[{"start":{"line":91,"column":4},"end":{"line":93,"column":5}},{"start":{},"end":{}}],"line":91},"7":{"loc":{"start":{"line":96,"column":6},"end":{"line":98,"column":7}},"type":"if","locations":[{"start":{"line":96,"column":6},"end":{"line":98,"column":7}},{"start":{},"end":{}}],"line":96},"8":{"loc":{"start":{"line":129,"column":9},"end":{"line":133,"column":9}},"type":"binary-expr","locations":[{"start":{"line":129,"column":9},"end":{"line":129,"column":16}},{"start":{"line":130,"column":10},"end":{"line":132,"column":23}}],"line":129},"9":{"loc":{"start":{"line":137,"column":29},"end":{"line":137,"column":60}},"type":"binary-expr","locations":[{"start":{"line":137,"column":29},"end":{"line":137,"column":54}},{"start":{"line":137,"column":58},"end":{"line":137,"column":60}}],"line":137},"10":{"loc":{"start":{"line":142,"column":31},"end":{"line":154,"column":11}},"type":"cond-expr","locations":[{"start":{"line":143,"column":12},"end":{"line":143,"column":42}},{"start":{"line":145,"column":12},"end":{"line":153,"column":25}}],"line":142},"11":{"loc":{"start":{"line":147,"column":21},"end":{"line":147,"column":55}},"type":"cond-expr","locations":[{"start":{"line":147,"column":35},"end":{"line":147,"column":44}},{"start":{"line":147,"column":47},"end":{"line":147,"column":55}}],"line":147},"12":{"loc":{"start":{"line":160,"column":23},"end":{"line":160,"column":57}},"type":"cond-expr","locations":[{"start":{"line":160,"column":37},"end":{"line":160,"column":46}},{"start":{"line":160,"column":49},"end":{"line":160,"column":57}}],"line":160}},"s":{"0":11,"1":0,"2":0,"3":0,"4":0,"5":0,"6":0,"7":0,"8":0,"9":0,"10":0,"11":0,"12":0,"13":0,"14":0,"15":0,"16":0,"17":0,"18":0,"19":0,"20":0,"21":0,"22":0,"23":0,"24":0,"25":0,"26":0,"27":0,"28":0,"29":0,"30":0,"31":0,"32":0,"33":0,"34":0,"35":0,"36":0,"37":0,"38":0,"39":0,"40":0,"41":0},"f":{"0":0,"1":0,"2":0,"3":0,"4":0,"5":0,"6":0,"7":0,"8":0},"b":{"0":[0,0,0],"1":[0,0],"2":[0,0],"3":[0,0],"4":[0,0],"5":[0,0],"6":[0,0],"7":[0,0],"8":[0,0],"9":[0,0],"10":[0,0],"11":[0,0],"12":[0,0]},"_coverageSchema":"1a1c01bbd47fc00a2c39e90264f33305004495a9","hash":"7c468dd15c3a54543a1a60b7bb3663573593181a"}
,"/Users/dominicgrishajev/Workspace/Pet/react-habits-calendar-tracker/src/components/calendar/CalendarGrid.tsx": {"path":"/Users/dominicgrishajev/Workspace/Pet/react-habits-calendar-tracker/src/components/calendar/CalendarGrid.tsx","statementMap":{"0":{"start":{"line":20,"column":18},"end":{"line":20,"column":67}},"1":{"start":{"line":22,"column":21},"end":{"line":80,"column":1}},"2":{"start":{"line":23,"column":24},"end":{"line":23,"column":50}},"3":{"start":{"line":25,"column":32},"end":{"line":25,"column":48}},"4":{"start":{"line":26,"column":54},"end":{"line":26,"column":75}},"5":{"start":{"line":27,"column":38},"end":{"line":27,"column":71}},"6":{"start":{"line":29,"column":35},"end":{"line":36,"column":3}},"7":{"start":{"line":34,"column":4},"end":{"line":34,"column":32}},"8":{"start":{"line":35,"column":4},"end":{"line":35,"column":70}},"9":{"start":{"line":38,"column":36},"end":{"line":41,"column":3}},"10":{"start":{"line":39,"column":4},"end":{"line":39,"column":24}},"11":{"start":{"line":40,"column":4},"end":{"line":40,"column":33}},"12":{"start":{"line":43,"column":2},"end":{"line":79,"column":4}},"13":{"start":{"line":47,"column":10},"end":{"line":57,"column":12}}},"fnMap":{"0":{"name":"(anonymous_0)","decl":{"start":{"line":22,"column":21},"end":{"line":22,"column":22}},"loc":{"start":{"line":22,"column":69},"end":{"line":80,"column":1}},"line":22},"1":{"name":"(anonymous_1)","decl":{"start":{"line":29,"column":35},"end":{"line":29,"column":36}},"loc":{"start":{"line":33,"column":7},"end":{"line":36,"column":3}},"line":33},"2":{"name":"(anonymous_2)","decl":{"start":{"line":38,"column":36},"end":{"line":38,"column":37}},"loc":{"start":{"line":38,"column":42},"end":{"line":41,"column":3}},"line":38},"3":{"name":"(anonymous_3)","decl":{"start":{"line":46,"column":27},"end":{"line":46,"column":28}},"loc":{"start":{"line":46,"column":41},"end":{"line":58,"column":9}},"line":46}},"branchMap":{},"s":{"0":9,"1":9,"2":0,"3":0,"4":0,"5":0,"6":0,"7":0,"8":0,"9":0,"10":0,"11":0,"12":0,"13":0},"f":{"0":0,"1":0,"2":0,"3":0},"b":{},"_coverageSchema":"1a1c01bbd47fc00a2c39e90264f33305004495a9","hash":"34fc4f803d3f69109c99a88fac837657df7627b3"}
,"/Users/dominicgrishajev/Workspace/Pet/react-habits-calendar-tracker/src/components/calendar/CalendarHeader.tsx": {"path":"/Users/dominicgrishajev/Workspace/Pet/react-habits-calendar-tracker/src/components/calendar/CalendarHeader.tsx","statementMap":{"0":{"start":{"line":29,"column":23},"end":{"line":84,"column":1}},"1":{"start":{"line":37,"column":34},"end":{"line":37,"column":50}},"2":{"start":{"line":39,"column":2},"end":{"line":83,"column":4}}},"fnMap":{"0":{"name":"(anonymous_0)","decl":{"start":{"line":29,"column":23},"end":{"line":29,"column":24}},"loc":{"start":{"line":36,"column":27},"end":{"line":84,"column":1}},"line":36}},"branchMap":{"0":{"loc":{"start":{"line":72,"column":7},"end":{"line":81,"column":7}},"type":"binary-expr","locations":[{"start":{"line":72,"column":7},"end":{"line":72,"column":26}},{"start":{"line":73,"column":8},"end":{"line":80,"column":37}}],"line":72}},"s":{"0":9,"1":0,"2":0},"f":{"0":0},"b":{"0":[0,0]},"_coverageSchema":"1a1c01bbd47fc00a2c39e90264f33305004495a9","hash":"bc037427ca85a250ef823a7c33411461006825b2"}
,"/Users/dominicgrishajev/Workspace/Pet/react-habits-calendar-tracker/src/components/calendar/CalendarMonthGrid.tsx": {"path":"/Users/dominicgrishajev/Workspace/Pet/react-habits-calendar-tracker/src/components/calendar/CalendarMonthGrid.tsx","statementMap":{"0":{"start":{"line":21,"column":14},"end":{"line":68,"column":1}},"1":{"start":{"line":30,"column":2},"end":{"line":67,"column":4}},"2":{"start":{"line":33,"column":8},"end":{"line":64,"column":32}},"3":{"start":{"line":37,"column":14},"end":{"line":39,"column":15}},"4":{"start":{"line":38,"column":16},"end":{"line":38,"column":28}},"5":{"start":{"line":42,"column":16},"end":{"line":46,"column":32}},"6":{"start":{"line":48,"column":26},"end":{"line":48,"column":63}},"7":{"start":{"line":50,"column":14},"end":{"line":62,"column":16}}},"fnMap":{"0":{"name":"(anonymous_0)","decl":{"start":{"line":21,"column":14},"end":{"line":21,"column":15}},"loc":{"start":{"line":29,"column":5},"end":{"line":68,"column":1}},"line":29},"1":{"name":"(anonymous_1)","decl":{"start":{"line":32,"column":47},"end":{"line":32,"column":48}},"loc":{"start":{"line":33,"column":8},"end":{"line":64,"column":32}},"line":33},"2":{"name":"(anonymous_2)","decl":{"start":{"line":36,"column":17},"end":{"line":36,"column":18}},"loc":{"start":{"line":36,"column":56},"end":{"line":63,"column":13}},"line":36}},"branchMap":{"0":{"loc":{"start":{"line":37,"column":14},"end":{"line":39,"column":15}},"type":"if","locations":[{"start":{"line":37,"column":14},"end":{"line":39,"column":15}},{"start":{},"end":{}}],"line":37},"1":{"loc":{"start":{"line":42,"column":16},"end":{"line":46,"column":32}},"type":"cond-expr","locations":[{"start":{"line":43,"column":20},"end":{"line":43,"column":33}},{"start":{"line":44,"column":20},"end":{"line":46,"column":32}}],"line":42},"2":{"loc":{"start":{"line":44,"column":20},"end":{"line":46,"column":32}},"type":"cond-expr","locations":[{"start":{"line":45,"column":22},"end":{"line":45,"column":35}},{"start":{"line":46,"column":22},"end":{"line":46,"column":32}}],"line":44},"3":{"loc":{"start":{"line":57,"column":26},"end":{"line":57,"column":57}},"type":"binary-expr","locations":[{"start":{"line":57,"column":26},"end":{"line":57,"column":51}},{"start":{"line":57,"column":55},"end":{"line":57,"column":57}}],"line":57}},"s":{"0":10,"1":0,"2":0,"3":0,"4":0,"5":0,"6":0,"7":0},"f":{"0":0,"1":0,"2":0},"b":{"0":[0,0],"1":[0,0],"2":[0,0],"3":[0,0]},"_coverageSchema":"1a1c01bbd47fc00a2c39e90264f33305004495a9","hash":"251d4f9795530e5919a29b5d8b3ae7f8db51a8e4"}
,"/Users/dominicgrishajev/Workspace/Pet/react-habits-calendar-tracker/src/components/calendar/DayHabitModalDialog.tsx": {"path":"/Users/dominicgrishajev/Workspace/Pet/react-habits-calendar-tracker/src/components/calendar/DayHabitModalDialog.tsx","statementMap":{"0":{"start":{"line":28,"column":28},"end":{"line":129,"column":1}},"1":{"start":{"line":33,"column":21},"end":{"line":33,"column":32}},"2":{"start":{"line":34,"column":15},"end":{"line":34,"column":24}},"3":{"start":{"line":35,"column":46},"end":{"line":35,"column":62}},"4":{"start":{"line":36,"column":50},"end":{"line":38,"column":3}},"5":{"start":{"line":39,"column":24},"end":{"line":39,"column":35}},"6":{"start":{"line":41,"column":2},"end":{"line":43,"column":3}},"7":{"start":{"line":42,"column":4},"end":{"line":42,"column":16}},"8":{"start":{"line":45,"column":58},"end":{"line":57,"column":3}},"9":{"start":{"line":46,"column":4},"end":{"line":46,"column":27}},"10":{"start":{"line":48,"column":23},"end":{"line":53,"column":5}},"11":{"start":{"line":54,"column":4},"end":{"line":54,"column":36}},"12":{"start":{"line":56,"column":4},"end":{"line":56,"column":18}},"13":{"start":{"line":59,"column":28},"end":{"line":64,"column":3}},"14":{"start":{"line":63,"column":4},"end":{"line":63,"column":42}},"15":{"start":{"line":66,"column":22},"end":{"line":69,"column":3}},"16":{"start":{"line":67,"column":4},"end":{"line":67,"column":27}},"17":{"start":{"line":68,"column":4},"end":{"line":68,"column":14}},"18":{"start":{"line":71,"column":20},"end":{"line":71,"column":37}},"19":{"start":{"line":73,"column":2},"end":{"line":128,"column":4}},"20":{"start":{"line":101,"column":18},"end":{"line":106,"column":27}}},"fnMap":{"0":{"name":"(anonymous_0)","decl":{"start":{"line":28,"column":28},"end":{"line":28,"column":29}},"loc":{"start":{"line":32,"column":32},"end":{"line":129,"column":1}},"line":32},"1":{"name":"(anonymous_1)","decl":{"start":{"line":45,"column":58},"end":{"line":45,"column":59}},"loc":{"start":{"line":45,"column":75},"end":{"line":57,"column":3}},"line":45},"2":{"name":"(anonymous_2)","decl":{"start":{"line":59,"column":28},"end":{"line":59,"column":29}},"loc":{"start":{"line":62,"column":7},"end":{"line":64,"column":3}},"line":62},"3":{"name":"(anonymous_3)","decl":{"start":{"line":66,"column":22},"end":{"line":66,"column":23}},"loc":{"start":{"line":66,"column":28},"end":{"line":69,"column":3}},"line":66},"4":{"name":"(anonymous_4)","decl":{"start":{"line":100,"column":27},"end":{"line":100,"column":28}},"loc":{"start":{"line":101,"column":18},"end":{"line":106,"column":27}},"line":101}},"branchMap":{"0":{"loc":{"start":{"line":41,"column":2},"end":{"line":43,"column":3}},"type":"if","locations":[{"start":{"line":41,"column":2},"end":{"line":43,"column":3}},{"start":{},"end":{}}],"line":41},"1":{"loc":{"start":{"line":41,"column":6},"end":{"line":41,"column":20}},"type":"binary-expr","locations":[{"start":{"line":41,"column":6},"end":{"line":41,"column":11}},{"start":{"line":41,"column":15},"end":{"line":41,"column":20}}],"line":41},"2":{"loc":{"start":{"line":90,"column":21},"end":{"line":90,"column":53}},"type":"cond-expr","locations":[{"start":{"line":90,"column":33},"end":{"line":90,"column":49}},{"start":{"line":90,"column":52},"end":{"line":90,"column":53}}],"line":90},"3":{"loc":{"start":{"line":94,"column":15},"end":{"line":98,"column":15}},"type":"binary-expr","locations":[{"start":{"line":94,"column":15},"end":{"line":94,"column":25}},{"start":{"line":95,"column":16},"end":{"line":97,"column":25}}],"line":94},"4":{"loc":{"start":{"line":99,"column":15},"end":{"line":107,"column":18}},"type":"binary-expr","locations":[{"start":{"line":99,"column":15},"end":{"line":99,"column":24}},{"start":{"line":100,"column":16},"end":{"line":107,"column":18}}],"line":99},"5":{"loc":{"start":{"line":109,"column":13},"end":{"line":113,"column":13}},"type":"binary-expr","locations":[{"start":{"line":109,"column":13},"end":{"line":109,"column":23}},{"start":{"line":110,"column":14},"end":{"line":112,"column":31}}],"line":109}},"s":{"0":10,"1":0,"2":0,"3":0,"4":0,"5":0,"6":0,"7":0,"8":0,"9":0,"10":0,"11":0,"12":0,"13":0,"14":0,"15":0,"16":0,"17":0,"18":0,"19":0,"20":0},"f":{"0":0,"1":0,"2":0,"3":0,"4":0},"b":{"0":[0,0],"1":[0,0],"2":[0,0],"3":[0,0],"4":[0,0],"5":[0,0]},"_coverageSchema":"1a1c01bbd47fc00a2c39e90264f33305004495a9","hash":"dba9fb3b07a3797d85b20dc2af28dc0c7c876e81"}
,"/Users/dominicgrishajev/Workspace/Pet/react-habits-calendar-tracker/src/components/calendar/index.ts": {"path":"/Users/dominicgrishajev/Workspace/Pet/react-habits-calendar-tracker/src/components/calendar/index.ts","statementMap":{},"fnMap":{},"branchMap":{},"s":{},"f":{},"b":{},"_coverageSchema":"1a1c01bbd47fc00a2c39e90264f33305004495a9","hash":"1d12ff1e65386153a6e47d1366d30a2a9a3b1c33"}
,"/Users/dominicgrishajev/Workspace/Pet/react-habits-calendar-tracker/src/components/calendar/styled.ts": {"path":"/Users/dominicgrishajev/Workspace/Pet/react-habits-calendar-tracker/src/components/calendar/styled.ts","statementMap":{"0":{"start":{"line":4,"column":20},"end":{"line":4,"column":22}},"1":{"start":{"line":6,"column":28},"end":{"line":6,"column":72}},"2":{"start":{"line":6,"column":46},"end":{"line":6,"column":72}},"3":{"start":{"line":8,"column":29},"end":{"line":8,"column":73}},"4":{"start":{"line":8,"column":47},"end":{"line":8,"column":73}},"5":{"start":{"line":10,"column":43},"end":{"line":16,"column":3}},"6":{"start":{"line":10,"column":73},"end":{"line":16,"column":1}},"7":{"start":{"line":18,"column":42},"end":{"line":26,"column":3}},"8":{"start":{"line":18,"column":72},"end":{"line":26,"column":1}},"9":{"start":{"line":28,"column":36},"end":{"line":48,"column":3}},"10":{"start":{"line":28,"column":66},"end":{"line":48,"column":1}},"11":{"start":{"line":50,"column":50},"end":{"line":55,"column":2}},"12":{"start":{"line":57,"column":49},"end":{"line":60,"column":2}},"13":{"start":{"line":62,"column":42},"end":{"line":82,"column":3}},"14":{"start":{"line":62,"column":77},"end":{"line":82,"column":1}},"15":{"start":{"line":84,"column":42},"end":{"line":101,"column":3}},"16":{"start":{"line":84,"column":77},"end":{"line":101,"column":1}},"17":{"start":{"line":103,"column":46},"end":{"line":109,"column":3}},"18":{"start":{"line":103,"column":76},"end":{"line":109,"column":1}},"19":{"start":{"line":111,"column":37},"end":{"line":122,"column":3}},"20":{"start":{"line":111,"column":67},"end":{"line":122,"column":1}},"21":{"start":{"line":124,"column":39},"end":{"line":129,"column":2}},"22":{"start":{"line":131,"column":37},"end":{"line":135,"column":2}},"23":{"start":{"line":137,"column":40},"end":{"line":250,"column":3}},"24":{"start":{"line":137,"column":70},"end":{"line":250,"column":1}},"25":{"start":{"line":252,"column":49},"end":{"line":260,"column":3}},"26":{"start":{"line":252,"column":79},"end":{"line":260,"column":1}},"27":{"start":{"line":262,"column":57},"end":{"line":269,"column":1}},"28":{"start":{"line":263,"column":18},"end":{"line":268,"column":3}},"29":{"start":{"line":271,"column":31},"end":{"line":273,"column":3}},"30":{"start":{"line":271,"column":60},"end":{"line":273,"column":1}}},"fnMap":{"0":{"name":"(anonymous_0)","decl":{"start":{"line":6,"column":28},"end":{"line":6,"column":29}},"loc":{"start":{"line":6,"column":46},"end":{"line":6,"column":72}},"line":6},"1":{"name":"(anonymous_1)","decl":{"start":{"line":8,"column":29},"end":{"line":8,"column":30}},"loc":{"start":{"line":8,"column":47},"end":{"line":8,"column":73}},"line":8},"2":{"name":"(anonymous_2)","decl":{"start":{"line":10,"column":57},"end":{"line":10,"column":58}},"loc":{"start":{"line":10,"column":73},"end":{"line":16,"column":1}},"line":10},"3":{"name":"(anonymous_3)","decl":{"start":{"line":18,"column":56},"end":{"line":18,"column":57}},"loc":{"start":{"line":18,"column":72},"end":{"line":26,"column":1}},"line":18},"4":{"name":"(anonymous_4)","decl":{"start":{"line":28,"column":50},"end":{"line":28,"column":51}},"loc":{"start":{"line":28,"column":66},"end":{"line":48,"column":1}},"line":28},"5":{"name":"(anonymous_5)","decl":{"start":{"line":62,"column":61},"end":{"line":62,"column":62}},"loc":{"start":{"line":62,"column":77},"end":{"line":82,"column":1}},"line":62},"6":{"name":"(anonymous_6)","decl":{"start":{"line":84,"column":61},"end":{"line":84,"column":62}},"loc":{"start":{"line":84,"column":77},"end":{"line":101,"column":1}},"line":84},"7":{"name":"(anonymous_7)","decl":{"start":{"line":103,"column":60},"end":{"line":103,"column":61}},"loc":{"start":{"line":103,"column":76},"end":{"line":109,"column":1}},"line":103},"8":{"name":"(anonymous_8)","decl":{"start":{"line":111,"column":51},"end":{"line":111,"column":52}},"loc":{"start":{"line":111,"column":67},"end":{"line":122,"column":1}},"line":111},"9":{"name":"(anonymous_9)","decl":{"start":{"line":137,"column":54},"end":{"line":137,"column":55}},"loc":{"start":{"line":137,"column":70},"end":{"line":250,"column":1}},"line":137},"10":{"name":"(anonymous_10)","decl":{"start":{"line":252,"column":63},"end":{"line":252,"column":64}},"loc":{"start":{"line":252,"column":79},"end":{"line":260,"column":1}},"line":252},"11":{"name":"(anonymous_11)","decl":{"start":{"line":263,"column":2},"end":{"line":263,"column":3}},"loc":{"start":{"line":263,"column":18},"end":{"line":268,"column":3}},"line":263},"12":{"name":"(anonymous_12)","decl":{"start":{"line":271,"column":44},"end":{"line":271,"column":45}},"loc":{"start":{"line":271,"column":60},"end":{"line":273,"column":1}},"line":271}},"branchMap":{},"s":{"0":12,"1":12,"2":0,"3":12,"4":0,"5":12,"6":0,"7":12,"8":0,"9":12,"10":0,"11":12,"12":12,"13":12,"14":0,"15":12,"16":0,"17":12,"18":0,"19":12,"20":0,"21":12,"22":12,"23":12,"24":0,"25":12,"26":0,"27":12,"28":0,"29":12,"30":0},"f":{"0":0,"1":0,"2":0,"3":0,"4":0,"5":0,"6":0,"7":0,"8":0,"9":0,"10":0,"11":0,"12":0},"b":{},"_coverageSchema":"1a1c01bbd47fc00a2c39e90264f33305004495a9","hash":"a00910805fcb88c2950f4c712fa5743ffe9c4618"}
,"/Users/dominicgrishajev/Workspace/Pet/react-habits-calendar-tracker/src/components/controls/index.ts": {"path":"/Users/dominicgrishajev/Workspace/Pet/react-habits-calendar-tracker/src/components/controls/index.ts","statementMap":{},"fnMap":{},"branchMap":{},"s":{},"f":{},"b":{},"_coverageSchema":"1a1c01bbd47fc00a2c39e90264f33305004495a9","hash":"69cd9894b3e012609082b5f73050a69a0eb92fcb"}
,"/Users/dominicgrishajev/Workspace/Pet/react-habits-calendar-tracker/src/components/controls/ConfirmDialog/ConfirmDialog.tsx": {"path":"/Users/dominicgrishajev/Workspace/Pet/react-habits-calendar-tracker/src/components/controls/ConfirmDialog/ConfirmDialog.tsx","statementMap":{"0":{"start":{"line":21,"column":22},"end":{"line":46,"column":1}},"1":{"start":{"line":29,"column":2},"end":{"line":45,"column":4}}},"fnMap":{"0":{"name":"(anonymous_0)","decl":{"start":{"line":21,"column":22},"end":{"line":21,"column":23}},"loc":{"start":{"line":28,"column":26},"end":{"line":46,"column":1}},"line":28}},"branchMap":{},"s":{"0":8,"1":0},"f":{"0":0},"b":{},"_coverageSchema":"1a1c01bbd47fc00a2c39e90264f33305004495a9","hash":"4328e0dbf567ddd6d5361bb5dc088ac4e2d7ae9c"}
,"/Users/dominicgrishajev/Workspace/Pet/react-habits-calendar-tracker/src/components/controls/ConfirmDialog/index.ts": {"path":"/Users/dominicgrishajev/Workspace/Pet/react-habits-calendar-tracker/src/components/controls/ConfirmDialog/index.ts","statementMap":{},"fnMap":{},"branchMap":{},"s":{},"f":{},"b":{},"_coverageSchema":"1a1c01bbd47fc00a2c39e90264f33305004495a9","hash":"3959f57ad01dd938c4b5139e08c0d0d9b4dfdae2"}
,"/Users/dominicgrishajev/Workspace/Pet/react-habits-calendar-tracker/src/components/controls/FloatingLabelInput/FloatingLabelInput.tsx": {"path":"/Users/dominicgrishajev/Workspace/Pet/react-habits-calendar-tracker/src/components/controls/FloatingLabelInput/FloatingLabelInput.tsx","statementMap":{"0":{"start":{"line":20,"column":27},"end":{"line":47,"column":1}},"1":{"start":{"line":31,"column":2},"end":{"line":46,"column":4}}},"fnMap":{"0":{"name":"(anonymous_0)","decl":{"start":{"line":20,"column":27},"end":{"line":20,"column":28}},"loc":{"start":{"line":30,"column":31},"end":{"line":47,"column":1}},"line":30}},"branchMap":{"0":{"loc":{"start":{"line":22,"column":2},"end":{"line":22,"column":15}},"type":"default-arg","locations":[{"start":{"line":22,"column":9},"end":{"line":22,"column":15}}],"line":22},"1":{"loc":{"start":{"line":24,"column":2},"end":{"line":24,"column":29}},"type":"default-arg","locations":[{"start":{"line":24,"column":16},"end":{"line":24,"column":29}}],"line":24},"2":{"loc":{"start":{"line":25,"column":2},"end":{"line":25,"column":17}},"type":"default-arg","locations":[{"start":{"line":25,"column":10},"end":{"line":25,"column":17}}],"line":25},"3":{"loc":{"start":{"line":26,"column":2},"end":{"line":26,"column":22}},"type":"default-arg","locations":[{"start":{"line":26,"column":12},"end":{"line":26,"column":22}}],"line":26},"4":{"loc":{"start":{"line":27,"column":2},"end":{"line":27,"column":19}},"type":"default-arg","locations":[{"start":{"line":27,"column":10},"end":{"line":27,"column":19}}],"line":27},"5":{"loc":{"start":{"line":28,"column":2},"end":{"line":28,"column":18}},"type":"default-arg","locations":[{"start":{"line":28,"column":13},"end":{"line":28,"column":18}}],"line":28},"6":{"loc":{"start":{"line":29,"column":2},"end":{"line":29,"column":18}},"type":"default-arg","locations":[{"start":{"line":29,"column":13},"end":{"line":29,"column":18}}],"line":29}},"s":{"0":8,"1":0},"f":{"0":0},"b":{"0":[0],"1":[0],"2":[0],"3":[0],"4":[0],"5":[0],"6":[0]},"_coverageSchema":"1a1c01bbd47fc00a2c39e90264f33305004495a9","hash":"92283b508f482e6855f4ed3e4483af9d48a5b0a1"}
,"/Users/dominicgrishajev/Workspace/Pet/react-habits-calendar-tracker/src/components/controls/FloatingLabelInput/InnerInput.tsx": {"path":"/Users/dominicgrishajev/Workspace/Pet/react-habits-calendar-tracker/src/components/controls/FloatingLabelInput/InnerInput.tsx","statementMap":{"0":{"start":{"line":9,"column":19},"end":{"line":23,"column":1}},"1":{"start":{"line":13,"column":13},"end":{"line":13,"column":26}},"2":{"start":{"line":15,"column":2},"end":{"line":22,"column":4}}},"fnMap":{"0":{"name":"(anonymous_0)","decl":{"start":{"line":9,"column":19},"end":{"line":9,"column":20}},"loc":{"start":{"line":12,"column":5},"end":{"line":23,"column":1}},"line":12}},"branchMap":{},"s":{"0":9,"1":0,"2":0},"f":{"0":0},"b":{},"_coverageSchema":"1a1c01bbd47fc00a2c39e90264f33305004495a9","hash":"9cbd8a7a7389cbb3cc0cbf16ac9b00d6c933543e"}
,"/Users/dominicgrishajev/Workspace/Pet/react-habits-calendar-tracker/src/components/controls/FloatingLabelInput/index.ts": {"path":"/Users/dominicgrishajev/Workspace/Pet/react-habits-calendar-tracker/src/components/controls/FloatingLabelInput/index.ts","statementMap":{},"fnMap":{},"branchMap":{},"s":{},"f":{},"b":{},"_coverageSchema":"1a1c01bbd47fc00a2c39e90264f33305004495a9","hash":"0e5397a3659ad25645f3f751d909bf28b801dc86"}
,"/Users/dominicgrishajev/Workspace/Pet/react-habits-calendar-tracker/src/components/controls/FloatingLabelInput/styled.ts": {"path":"/Users/dominicgrishajev/Workspace/Pet/react-habits-calendar-tracker/src/components/controls/FloatingLabelInput/styled.ts","statementMap":{"0":{"start":{"line":3,"column":27},"end":{"line":44,"column":2}},"1":{"start":{"line":46,"column":27},"end":{"line":53,"column":3}},"2":{"start":{"line":46,"column":59},"end":{"line":53,"column":1}}},"fnMap":{"0":{"name":"(anonymous_0)","decl":{"start":{"line":46,"column":43},"end":{"line":46,"column":44}},"loc":{"start":{"line":46,"column":59},"end":{"line":53,"column":1}},"line":46}},"branchMap":{},"s":{"0":9,"1":9,"2":0},"f":{"0":0},"b":{},"_coverageSchema":"1a1c01bbd47fc00a2c39e90264f33305004495a9","hash":"083ba4f7d0f126e9241f3dcb185ca083978fd117"}
,"/Users/dominicgrishajev/Workspace/Pet/react-habits-calendar-tracker/src/components/controls/FloatingLabelTextarea/FloatingLabelTextarea.tsx": {"path":"/Users/dominicgrishajev/Workspace/Pet/react-habits-calendar-tracker/src/components/controls/FloatingLabelTextarea/FloatingLabelTextarea.tsx","statementMap":{"0":{"start":{"line":19,"column":30},"end":{"line":42,"column":1}},"1":{"start":{"line":29,"column":2},"end":{"line":41,"column":4}}},"fnMap":{"0":{"name":"(anonymous_0)","decl":{"start":{"line":19,"column":30},"end":{"line":19,"column":31}},"loc":{"start":{"line":28,"column":34},"end":{"line":42,"column":1}},"line":28}},"branchMap":{"0":{"loc":{"start":{"line":22,"column":2},"end":{"line":22,"column":17}},"type":"default-arg","locations":[{"start":{"line":22,"column":10},"end":{"line":22,"column":17}}],"line":22},"1":{"loc":{"start":{"line":23,"column":2},"end":{"line":23,"column":28}},"type":"default-arg","locations":[{"start":{"line":23,"column":16},"end":{"line":23,"column":28}}],"line":23},"2":{"loc":{"start":{"line":24,"column":2},"end":{"line":24,"column":18}},"type":"default-arg","locations":[{"start":{"line":24,"column":13},"end":{"line":24,"column":18}}],"line":24},"3":{"loc":{"start":{"line":25,"column":2},"end":{"line":25,"column":22}},"type":"default-arg","locations":[{"start":{"line":25,"column":12},"end":{"line":25,"column":22}}],"line":25},"4":{"loc":{"start":{"line":26,"column":2},"end":{"line":26,"column":19}},"type":"default-arg","locations":[{"start":{"line":26,"column":10},"end":{"line":26,"column":19}}],"line":26},"5":{"loc":{"start":{"line":27,"column":2},"end":{"line":27,"column":18}},"type":"default-arg","locations":[{"start":{"line":27,"column":13},"end":{"line":27,"column":18}}],"line":27}},"s":{"0":9,"1":0},"f":{"0":0},"b":{"0":[0],"1":[0],"2":[0],"3":[0],"4":[0],"5":[0]},"_coverageSchema":"1a1c01bbd47fc00a2c39e90264f33305004495a9","hash":"23b418b082b5251d396762e603929889f44eb6d0"}
,"/Users/dominicgrishajev/Workspace/Pet/react-habits-calendar-tracker/src/components/controls/FloatingLabelTextarea/InnerTextarea.tsx": {"path":"/Users/dominicgrishajev/Workspace/Pet/react-habits-calendar-tracker/src/components/controls/FloatingLabelTextarea/InnerTextarea.tsx","statementMap":{"0":{"start":{"line":10,"column":22},"end":{"line":24,"column":1}},"1":{"start":{"line":14,"column":13},"end":{"line":14,"column":26}},"2":{"start":{"line":16,"column":2},"end":{"line":23,"column":4}}},"fnMap":{"0":{"name":"(anonymous_0)","decl":{"start":{"line":10,"column":22},"end":{"line":10,"column":23}},"loc":{"start":{"line":13,"column":5},"end":{"line":24,"column":1}},"line":13}},"branchMap":{},"s":{"0":9,"1":0,"2":0},"f":{"0":0},"b":{},"_coverageSchema":"1a1c01bbd47fc00a2c39e90264f33305004495a9","hash":"cc39768e1ac1abe4224c51891c5bb04538eb07e0"}
,"/Users/dominicgrishajev/Workspace/Pet/react-habits-calendar-tracker/src/components/controls/FloatingLabelTextarea/index.ts": {"path":"/Users/dominicgrishajev/Workspace/Pet/react-habits-calendar-tracker/src/components/controls/FloatingLabelTextarea/index.ts","statementMap":{},"fnMap":{},"branchMap":{},"s":{},"f":{},"b":{},"_coverageSchema":"1a1c01bbd47fc00a2c39e90264f33305004495a9","hash":"088ae7c784e4ee8b461ee8a79e52b569315aef54"}
,"/Users/dominicgrishajev/Workspace/Pet/react-habits-calendar-tracker/src/components/controls/FloatingLabelTextarea/styled.ts": {"path":"/Users/dominicgrishajev/Workspace/Pet/react-habits-calendar-tracker/src/components/controls/FloatingLabelTextarea/styled.ts","statementMap":{"0":{"start":{"line":4,"column":30},"end":{"line":35,"column":2}},"1":{"start":{"line":37,"column":27},"end":{"line":44,"column":3}},"2":{"start":{"line":37,"column":59},"end":{"line":44,"column":1}}},"fnMap":{"0":{"name":"(anonymous_0)","decl":{"start":{"line":37,"column":43},"end":{"line":37,"column":44}},"loc":{"start":{"line":37,"column":59},"end":{"line":44,"column":1}},"line":37}},"branchMap":{},"s":{"0":9,"1":9,"2":0},"f":{"0":0},"b":{},"_coverageSchema":"1a1c01bbd47fc00a2c39e90264f33305004495a9","hash":"5d68594b30701ef7686e4f3f1d73475235dffc12"}
,"/Users/dominicgrishajev/Workspace/Pet/react-habits-calendar-tracker/src/components/habit/index.ts": {"path":"/Users/dominicgrishajev/Workspace/Pet/react-habits-calendar-tracker/src/components/habit/index.ts","statementMap":{},"fnMap":{},"branchMap":{},"s":{},"f":{},"b":{},"_coverageSchema":"1a1c01bbd47fc00a2c39e90264f33305004495a9","hash":"7167b9b72fc525f21ce1ef8cf0601ded8932e489"}
,"/Users/dominicgrishajev/Workspace/Pet/react-habits-calendar-tracker/src/components/habit/add-habit/AddHabitDialogButton.tsx": {"path":"/Users/dominicgrishajev/Workspace/Pet/react-habits-calendar-tracker/src/components/habit/add-habit/AddHabitDialogButton.tsx","statementMap":{"0":{"start":{"line":27,"column":28},"end":{"line":37,"column":2}},"1":{"start":{"line":39,"column":29},"end":{"line":220,"column":1}},"2":{"start":{"line":40,"column":15},"end":{"line":40,"column":24}},"3":{"start":{"line":41,"column":18},"end":{"line":41,"column":30}},"4":{"start":{"line":42,"column":65},"end":{"line":42,"column":76}},"5":{"start":{"line":43,"column":26},"end":{"line":43,"column":47}},"6":{"start":{"line":44,"column":36},"end":{"line":44,"column":54}},"7":{"start":{"line":45,"column":50},"end":{"line":45,"column":68}},"8":{"start":{"line":46,"column":42},"end":{"line":46,"column":59}},"9":{"start":{"line":47,"column":36},"end":{"line":47,"column":69}},"10":{"start":{"line":48,"column":27},"end":{"line":48,"column":40}},"11":{"start":{"line":49,"column":35},"end":{"line":49,"column":46}},"12":{"start":{"line":51,"column":27},"end":{"line":53,"column":3}},"13":{"start":{"line":52,"column":4},"end":{"line":52,"column":18}},"14":{"start":{"line":55,"column":28},"end":{"line":60,"column":3}},"15":{"start":{"line":56,"column":4},"end":{"line":56,"column":21}},"16":{"start":{"line":57,"column":4},"end":{"line":57,"column":28}},"17":{"start":{"line":58,"column":4},"end":{"line":58,"column":23}},"18":{"start":{"line":59,"column":4},"end":{"line":59,"column":19}},"19":{"start":{"line":62,"column":55},"end":{"line":103,"column":3}},"20":{"start":{"line":63,"column":4},"end":{"line":63,"column":27}},"21":{"start":{"line":64,"column":4},"end":{"line":102,"column":5}},"22":{"start":{"line":65,"column":20},"end":{"line":71,"column":7}},"23":{"start":{"line":73,"column":21},"end":{"line":73,"column":42}},"24":{"start":{"line":75,"column":6},"end":{"line":95,"column":7}},"25":{"start":{"line":76,"column":25},"end":{"line":80,"column":9}},"26":{"start":{"line":82,"column":8},"end":{"line":82,"column":65}},"27":{"start":{"line":84,"column":8},"end":{"line":87,"column":11}},"28":{"start":{"line":89,"column":8},"end":{"line":89,"column":65}},"29":{"start":{"line":91,"column":8},"end":{"line":94,"column":11}},"30":{"start":{"line":97,"column":6},"end":{"line":97,"column":26}},"31":{"start":{"line":99,"column":6},"end":{"line":99,"column":27}},"32":{"start":{"line":101,"column":6},"end":{"line":101,"column":21}},"33":{"start":{"line":105,"column":76},"end":{"line":109,"column":3}},"34":{"start":{"line":108,"column":4},"end":{"line":108,"column":37}},"35":{"start":{"line":113,"column":6},"end":{"line":115,"column":3}},"36":{"start":{"line":114,"column":4},"end":{"line":114,"column":44}},"37":{"start":{"line":117,"column":33},"end":{"line":119,"column":3}},"38":{"start":{"line":118,"column":4},"end":{"line":118,"column":32}},"39":{"start":{"line":121,"column":71},"end":{"line":128,"column":3}},"40":{"start":{"line":124,"column":17},"end":{"line":124,"column":40}},"41":{"start":{"line":125,"column":4},"end":{"line":127,"column":5}},"42":{"start":{"line":126,"column":6},"end":{"line":126,"column":25}},"43":{"start":{"line":130,"column":2},"end":{"line":219,"column":4}},"44":{"start":{"line":184,"column":20},"end":{"line":186,"column":29}}},"fnMap":{"0":{"name":"(anonymous_0)","decl":{"start":{"line":39,"column":29},"end":{"line":39,"column":30}},"loc":{"start":{"line":39,"column":35},"end":{"line":220,"column":1}},"line":39},"1":{"name":"(anonymous_1)","decl":{"start":{"line":51,"column":27},"end":{"line":51,"column":28}},"loc":{"start":{"line":51,"column":33},"end":{"line":53,"column":3}},"line":51},"2":{"name":"(anonymous_2)","decl":{"start":{"line":55,"column":28},"end":{"line":55,"column":29}},"loc":{"start":{"line":55,"column":34},"end":{"line":60,"column":3}},"line":55},"3":{"name":"(anonymous_3)","decl":{"start":{"line":62,"column":55},"end":{"line":62,"column":56}},"loc":{"start":{"line":62,"column":72},"end":{"line":103,"column":3}},"line":62},"4":{"name":"(anonymous_4)","decl":{"start":{"line":105,"column":76},"end":{"line":105,"column":77}},"loc":{"start":{"line":107,"column":7},"end":{"line":109,"column":3}},"line":107},"5":{"name":"(anonymous_5)","decl":{"start":{"line":113,"column":6},"end":{"line":113,"column":7}},"loc":{"start":{"line":113,"column":17},"end":{"line":115,"column":3}},"line":113},"6":{"name":"(anonymous_6)","decl":{"start":{"line":117,"column":33},"end":{"line":117,"column":34}},"loc":{"start":{"line":117,"column":66},"end":{"line":119,"column":3}},"line":117},"7":{"name":"(anonymous_7)","decl":{"start":{"line":121,"column":71},"end":{"line":121,"column":72}},"loc":{"start":{"line":123,"column":7},"end":{"line":128,"column":3}},"line":123},"8":{"name":"(anonymous_8)","decl":{"start":{"line":183,"column":33},"end":{"line":183,"column":34}},"loc":{"start":{"line":184,"column":20},"end":{"line":186,"column":29}},"line":184}},"branchMap":{"0":{"loc":{"start":{"line":68,"column":16},"end":{"line":68,"column":51}},"type":"binary-expr","locations":[{"start":{"line":68,"column":16},"end":{"line":68,"column":24}},{"start":{"line":68,"column":28},"end":{"line":68,"column":45}},{"start":{"line":68,"column":49},"end":{"line":68,"column":51}}],"line":68},"1":{"loc":{"start":{"line":75,"column":6},"end":{"line":95,"column":7}},"type":"if","locations":[{"start":{"line":75,"column":6},"end":{"line":95,"column":7}},{"start":{},"end":{}}],"line":75},"2":{"loc":{"start":{"line":125,"column":4},"end":{"line":127,"column":5}},"type":"if","locations":[{"start":{"line":125,"column":4},"end":{"line":127,"column":5}},{"start":{},"end":{}}],"line":125},"3":{"loc":{"start":{"line":138,"column":18},"end":{"line":138,"column":54}},"type":"binary-expr","locations":[{"start":{"line":138,"column":18},"end":{"line":138,"column":32}},{"start":{"line":138,"column":36},"end":{"line":138,"column":54}}],"line":138},"4":{"loc":{"start":{"line":175,"column":23},"end":{"line":179,"column":30}},"type":"cond-expr","locations":[{"start":{"line":176,"column":24},"end":{"line":176,"column":79}},{"start":{"line":177,"column":26},"end":{"line":179,"column":30}}],"line":175},"5":{"loc":{"start":{"line":177,"column":26},"end":{"line":179,"column":30}},"type":"cond-expr","locations":[{"start":{"line":178,"column":24},"end":{"line":178,"column":73}},{"start":{"line":179,"column":26},"end":{"line":179,"column":30}}],"line":177},"6":{"loc":{"start":{"line":205,"column":17},"end":{"line":207,"column":17}},"type":"binary-expr","locations":[{"start":{"line":205,"column":17},"end":{"line":205,"column":26}},{"start":{"line":206,"column":18},"end":{"line":206,"column":75}}],"line":205}},"s":{"0":7,"1":7,"2":0,"3":0,"4":0,"5":0,"6":0,"7":0,"8":0,"9":0,"10":0,"11":0,"12":0,"13":0,"14":0,"15":0,"16":0,"17":0,"18":0,"19":0,"20":0,"21":0,"22":0,"23":0,"24":0,"25":0,"26":0,"27":0,"28":0,"29":0,"30":0,"31":0,"32":0,"33":0,"34":0,"35":0,"36":0,"37":0,"38":0,"39":0,"40":0,"41":0,"42":0,"43":0,"44":0},"f":{"0":0,"1":0,"2":0,"3":0,"4":0,"5":0,"6":0,"7":0,"8":0},"b":{"0":[0,0,0],"1":[0,0],"2":[0,0],"3":[0,0],"4":[0,0],"5":[0,0],"6":[0,0]},"_coverageSchema":"1a1c01bbd47fc00a2c39e90264f33305004495a9","hash":"bb4b298eaf5c00e001419a945f4621997c3cc170"}
,"/Users/dominicgrishajev/Workspace/Pet/react-habits-calendar-tracker/src/components/habit/add-habit/index.ts": {"path":"/Users/dominicgrishajev/Workspace/Pet/react-habits-calendar-tracker/src/components/habit/add-habit/index.ts","statementMap":{},"fnMap":{},"branchMap":{},"s":{},"f":{},"b":{},"_coverageSchema":"1a1c01bbd47fc00a2c39e90264f33305004495a9","hash":"8f57be8e1109f4d91c11f7af0122654c08ad9424"}
,"/Users/dominicgrishajev/Workspace/Pet/react-habits-calendar-tracker/src/components/habit/edit-habit/EditHabitDialog.tsx": {"path":"/Users/dominicgrishajev/Workspace/Pet/react-habits-calendar-tracker/src/components/habit/edit-habit/EditHabitDialog.tsx","statementMap":{"0":{"start":{"line":26,"column":24},"end":{"line":143,"column":1}},"1":{"start":{"line":31,"column":30},"end":{"line":31,"column":51}},"2":{"start":{"line":32,"column":26},"end":{"line":32,"column":44}},"3":{"start":{"line":33,"column":40},"end":{"line":33,"column":58}},"4":{"start":{"line":34,"column":28},"end":{"line":34,"column":54}},"5":{"start":{"line":35,"column":38},"end":{"line":35,"column":59}},"6":{"start":{"line":36,"column":26},"end":{"line":36,"column":37}},"7":{"start":{"line":37,"column":15},"end":{"line":37,"column":24}},"8":{"start":{"line":38,"column":24},"end":{"line":38,"column":35}},"9":{"start":{"line":40,"column":2},"end":{"line":42,"column":13}},"10":{"start":{"line":41,"column":4},"end":{"line":41,"column":20}},"11":{"start":{"line":44,"column":2},"end":{"line":50,"column":25}},"12":{"start":{"line":45,"column":4},"end":{"line":49,"column":5}},"13":{"start":{"line":46,"column":6},"end":{"line":46,"column":26}},"14":{"start":{"line":47,"column":6},"end":{"line":47,"column":40}},"15":{"start":{"line":48,"column":6},"end":{"line":48,"column":46}},"16":{"start":{"line":52,"column":2},"end":{"line":54,"column":3}},"17":{"start":{"line":53,"column":4},"end":{"line":53,"column":16}},"18":{"start":{"line":56,"column":22},"end":{"line":59,"column":3}},"19":{"start":{"line":57,"column":4},"end":{"line":57,"column":21}},"20":{"start":{"line":58,"column":4},"end":{"line":58,"column":16}},"21":{"start":{"line":61,"column":27},"end":{"line":63,"column":3}},"22":{"start":{"line":62,"column":4},"end":{"line":62,"column":32}},"23":{"start":{"line":65,"column":34},"end":{"line":69,"column":3}},"24":{"start":{"line":68,"column":4},"end":{"line":68,"column":39}},"25":{"start":{"line":71,"column":28},"end":{"line":73,"column":3}},"26":{"start":{"line":72,"column":4},"end":{"line":72,"column":23}},"27":{"start":{"line":75,"column":23},"end":{"line":90,"column":3}},"28":{"start":{"line":76,"column":4},"end":{"line":76,"column":27}},"29":{"start":{"line":77,"column":4},"end":{"line":77,"column":24}},"30":{"start":{"line":78,"column":21},"end":{"line":86,"column":5}},"31":{"start":{"line":87,"column":4},"end":{"line":87,"column":42}},"32":{"start":{"line":88,"column":4},"end":{"line":88,"column":25}},"33":{"start":{"line":89,"column":4},"end":{"line":89,"column":18}},"34":{"start":{"line":92,"column":2},"end":{"line":142,"column":4}}},"fnMap":{"0":{"name":"(anonymous_0)","decl":{"start":{"line":26,"column":24},"end":{"line":26,"column":25}},"loc":{"start":{"line":30,"column":28},"end":{"line":143,"column":1}},"line":30},"1":{"name":"(anonymous_1)","decl":{"start":{"line":40,"column":18},"end":{"line":40,"column":19}},"loc":{"start":{"line":40,"column":24},"end":{"line":42,"column":3}},"line":40},"2":{"name":"(anonymous_2)","decl":{"start":{"line":44,"column":18},"end":{"line":44,"column":19}},"loc":{"start":{"line":44,"column":24},"end":{"line":50,"column":3}},"line":44},"3":{"name":"(anonymous_3)","decl":{"start":{"line":56,"column":22},"end":{"line":56,"column":23}},"loc":{"start":{"line":56,"column":28},"end":{"line":59,"column":3}},"line":56},"4":{"name":"(anonymous_4)","decl":{"start":{"line":61,"column":27},"end":{"line":61,"column":28}},"loc":{"start":{"line":61,"column":75},"end":{"line":63,"column":3}},"line":61},"5":{"name":"(anonymous_5)","decl":{"start":{"line":65,"column":34},"end":{"line":65,"column":35}},"loc":{"start":{"line":67,"column":7},"end":{"line":69,"column":3}},"line":67},"6":{"name":"(anonymous_6)","decl":{"start":{"line":71,"column":28},"end":{"line":71,"column":29}},"loc":{"start":{"line":71,"column":59},"end":{"line":73,"column":3}},"line":71},"7":{"name":"(anonymous_7)","decl":{"start":{"line":75,"column":23},"end":{"line":75,"column":24}},"loc":{"start":{"line":75,"column":74},"end":{"line":90,"column":3}},"line":75}},"branchMap":{"0":{"loc":{"start":{"line":27,"column":2},"end":{"line":27,"column":14}},"type":"default-arg","locations":[{"start":{"line":27,"column":9},"end":{"line":27,"column":14}}],"line":27},"1":{"loc":{"start":{"line":45,"column":4},"end":{"line":49,"column":5}},"type":"if","locations":[{"start":{"line":45,"column":4},"end":{"line":49,"column":5}},{"start":{},"end":{}}],"line":45},"2":{"loc":{"start":{"line":52,"column":2},"end":{"line":54,"column":3}},"type":"if","locations":[{"start":{"line":52,"column":2},"end":{"line":54,"column":3}},{"start":{},"end":{}}],"line":52},"3":{"loc":{"start":{"line":52,"column":6},"end":{"line":52,"column":23}},"type":"binary-expr","locations":[{"start":{"line":52,"column":6},"end":{"line":52,"column":13}},{"start":{"line":52,"column":17},"end":{"line":52,"column":23}}],"line":52},"4":{"loc":{"start":{"line":126,"column":21},"end":{"line":126,"column":60}},"type":"cond-expr","locations":[{"start":{"line":126,"column":40},"end":{"line":126,"column":49}},{"start":{"line":126,"column":52},"end":{"line":126,"column":60}}],"line":126}},"s":{"0":7,"1":0,"2":0,"3":0,"4":0,"5":0,"6":0,"7":0,"8":0,"9":0,"10":0,"11":0,"12":0,"13":0,"14":0,"15":0,"16":0,"17":0,"18":0,"19":0,"20":0,"21":0,"22":0,"23":0,"24":0,"25":0,"26":0,"27":0,"28":0,"29":0,"30":0,"31":0,"32":0,"33":0,"34":0},"f":{"0":0,"1":0,"2":0,"3":0,"4":0,"5":0,"6":0,"7":0},"b":{"0":[0],"1":[0,0],"2":[0,0],"3":[0,0],"4":[0,0]},"_coverageSchema":"1a1c01bbd47fc00a2c39e90264f33305004495a9","hash":"519907803767bfab3b4640220e79394d5b7563b0"}
,"/Users/dominicgrishajev/Workspace/Pet/react-habits-calendar-tracker/src/components/habit/edit-habit/index.ts": {"path":"/Users/dominicgrishajev/Workspace/Pet/react-habits-calendar-tracker/src/components/habit/edit-habit/index.ts","statementMap":{},"fnMap":{},"branchMap":{},"s":{},"f":{},"b":{},"_coverageSchema":"1a1c01bbd47fc00a2c39e90264f33305004495a9","hash":"d89424fcffddbf14b4465193ef8ef067de1596fb"}
,"/Users/dominicgrishajev/Workspace/Pet/react-habits-calendar-tracker/src/components/habit/edit-habit/styled.tsx": {"path":"/Users/dominicgrishajev/Workspace/Pet/react-habits-calendar-tracker/src/components/habit/edit-habit/styled.tsx","statementMap":{"0":{"start":{"line":3,"column":26},"end":{"line":7,"column":3}},"1":{"start":{"line":3,"column":57},"end":{"line":7,"column":1}}},"fnMap":{"0":{"name":"(anonymous_0)","decl":{"start":{"line":3,"column":41},"end":{"line":3,"column":42}},"loc":{"start":{"line":3,"column":57},"end":{"line":7,"column":1}},"line":3}},"branchMap":{},"s":{"0":7,"1":0},"f":{"0":0},"b":{},"_coverageSchema":"1a1c01bbd47fc00a2c39e90264f33305004495a9","hash":"2dc405b34629a74ac277cff90b640ee72e0ec648"}
,"/Users/dominicgrishajev/Workspace/Pet/react-habits-calendar-tracker/src/components/habit/habits-page/HabitItem.tsx": {"path":"/Users/dominicgrishajev/Workspace/Pet/react-habits-calendar-tracker/src/components/habit/habits-page/HabitItem.tsx","statementMap":{"0":{"start":{"line":34,"column":18},"end":{"line":161,"column":1}},"1":{"start":{"line":35,"column":15},"end":{"line":35,"column":24}},"2":{"start":{"line":36,"column":27},"end":{"line":36,"column":40}},"3":{"start":{"line":37,"column":24},"end":{"line":37,"column":35}},"4":{"start":{"line":38,"column":26},"end":{"line":38,"column":37}},"5":{"start":{"line":40,"column":71},"end":{"line":86,"column":3}},"6":{"start":{"line":43,"column":21},"end":{"line":43,"column":44}},"7":{"start":{"line":44,"column":4},"end":{"line":85,"column":5}},"8":{"start":{"line":45,"column":31},"end":{"line":45,"column":45}},"9":{"start":{"line":47,"column":6},"end":{"line":84,"column":7}},"10":{"start":{"line":48,"column":22},"end":{"line":48,"column":46}},"11":{"start":{"line":49,"column":26},"end":{"line":49,"column":49}},"12":{"start":{"line":50,"column":30},"end":{"line":50,"column":77}},"13":{"start":{"line":52,"column":8},"end":{"line":78,"column":9}},"14":{"start":{"line":53,"column":10},"end":{"line":53,"column":80}},"15":{"start":{"line":55,"column":10},"end":{"line":55,"column":77}},"16":{"start":{"line":57,"column":10},"end":{"line":60,"column":13}},"17":{"start":{"line":62,"column":34},"end":{"line":66,"column":11}},"18":{"start":{"line":68,"column":10},"end":{"line":70,"column":11}},"19":{"start":{"line":69,"column":12},"end":{"line":69,"column":24}},"20":{"start":{"line":72,"column":10},"end":{"line":72,"column":73}},"21":{"start":{"line":74,"column":10},"end":{"line":77,"column":13}},"22":{"start":{"line":80,"column":8},"end":{"line":83,"column":11}},"23":{"start":{"line":88,"column":22},"end":{"line":88,"column":63}},"24":{"start":{"line":90,"column":2},"end":{"line":160,"column":4}}},"fnMap":{"0":{"name":"(anonymous_0)","decl":{"start":{"line":34,"column":18},"end":{"line":34,"column":19}},"loc":{"start":{"line":34,"column":66},"end":{"line":161,"column":1}},"line":34},"1":{"name":"(anonymous_1)","decl":{"start":{"line":40,"column":71},"end":{"line":40,"column":72}},"loc":{"start":{"line":42,"column":7},"end":{"line":86,"column":3}},"line":42}},"branchMap":{"0":{"loc":{"start":{"line":44,"column":4},"end":{"line":85,"column":5}},"type":"if","locations":[{"start":{"line":44,"column":4},"end":{"line":85,"column":5}},{"start":{},"end":{}}],"line":44},"1":{"loc":{"start":{"line":52,"column":8},"end":{"line":78,"column":9}},"type":"if","locations":[{"start":{"line":52,"column":8},"end":{"line":78,"column":9}},{"start":{"line":61,"column":15},"end":{"line":78,"column":9}}],"line":52},"2":{"loc":{"start":{"line":68,"column":10},"end":{"line":70,"column":11}},"type":"if","locations":[{"start":{"line":68,"column":10},"end":{"line":70,"column":11}},{"start":{},"end":{}}],"line":68},"3":{"loc":{"start":{"line":120,"column":23},"end":{"line":120,"column":57}},"type":"cond-expr","locations":[{"start":{"line":120,"column":37},"end":{"line":120,"column":46}},{"start":{"line":120,"column":49},"end":{"line":120,"column":57}}],"line":120},"4":{"loc":{"start":{"line":125,"column":19},"end":{"line":125,"column":47}},"type":"cond-expr","locations":[{"start":{"line":125,"column":33},"end":{"line":125,"column":39}},{"start":{"line":125,"column":42},"end":{"line":125,"column":47}}],"line":125},"5":{"loc":{"start":{"line":129,"column":13},"end":{"line":133,"column":13}},"type":"binary-expr","locations":[{"start":{"line":129,"column":13},"end":{"line":129,"column":30}},{"start":{"line":130,"column":14},"end":{"line":132,"column":27}}],"line":129}},"s":{"0":8,"1":0,"2":0,"3":0,"4":0,"5":0,"6":0,"7":0,"8":0,"9":0,"10":0,"11":0,"12":0,"13":0,"14":0,"15":0,"16":0,"17":0,"18":0,"19":0,"20":0,"21":0,"22":0,"23":0,"24":0},"f":{"0":0,"1":0},"b":{"0":[0,0],"1":[0,0],"2":[0,0],"3":[0,0],"4":[0,0],"5":[0,0]},"_coverageSchema":"1a1c01bbd47fc00a2c39e90264f33305004495a9","hash":"451016036137f0b0241974b80343c9a806a18721"}
,"/Users/dominicgrishajev/Workspace/Pet/react-habits-calendar-tracker/src/components/habit/habits-page/HabitsPage.tsx": {"path":"/Users/dominicgrishajev/Workspace/Pet/react-habits-calendar-tracker/src/components/habit/habits-page/HabitsPage.tsx","statementMap":{"0":{"start":{"line":13,"column":19},"end":{"line":82,"column":1}},"1":{"start":{"line":14,"column":45},"end":{"line":14,"column":56}},"2":{"start":{"line":15,"column":46},"end":{"line":15,"column":67}},"3":{"start":{"line":16,"column":44},"end":{"line":16,"column":61}},"4":{"start":{"line":17,"column":48},"end":{"line":17,"column":65}},"5":{"start":{"line":18,"column":48},"end":{"line":18,"column":69}},"6":{"start":{"line":19,"column":41},"end":{"line":19,"column":57}},"7":{"start":{"line":21,"column":35},"end":{"line":23,"column":3}},"8":{"start":{"line":22,"column":4},"end":{"line":22,"column":27}},"9":{"start":{"line":25,"column":30},"end":{"line":27,"column":3}},"10":{"start":{"line":26,"column":4},"end":{"line":26,"column":26}},"11":{"start":{"line":29,"column":33},"end":{"line":35,"column":3}},"12":{"start":{"line":30,"column":4},"end":{"line":30,"column":29}},"13":{"start":{"line":31,"column":4},"end":{"line":31,"column":39}},"14":{"start":{"line":32,"column":4},"end":{"line":32,"column":48}},"15":{"start":{"line":33,"column":4},"end":{"line":33,"column":26}},"16":{"start":{"line":34,"column":4},"end":{"line":34,"column":30}},"17":{"start":{"line":37,"column":26},"end":{"line":40,"column":3}},"18":{"start":{"line":38,"column":4},"end":{"line":38,"column":28}},"19":{"start":{"line":39,"column":4},"end":{"line":39,"column":30}},"20":{"start":{"line":42,"column":24},"end":{"line":45,"column":3}},"21":{"start":{"line":43,"column":4},"end":{"line":43,"column":29}},"22":{"start":{"line":44,"column":4},"end":{"line":44,"column":24}},"23":{"start":{"line":47,"column":2},"end":{"line":81,"column":4}},"24":{"start":{"line":53,"column":10},"end":{"line":58,"column":12}},"25":{"start":{"line":56,"column":26},"end":{"line":56,"column":51}},"26":{"start":{"line":57,"column":28},"end":{"line":57,"column":62}}},"fnMap":{"0":{"name":"(anonymous_0)","decl":{"start":{"line":13,"column":19},"end":{"line":13,"column":20}},"loc":{"start":{"line":13,"column":25},"end":{"line":82,"column":1}},"line":13},"1":{"name":"(anonymous_1)","decl":{"start":{"line":21,"column":35},"end":{"line":21,"column":36}},"loc":{"start":{"line":21,"column":51},"end":{"line":23,"column":3}},"line":21},"2":{"name":"(anonymous_2)","decl":{"start":{"line":25,"column":30},"end":{"line":25,"column":31}},"loc":{"start":{"line":25,"column":36},"end":{"line":27,"column":3}},"line":25},"3":{"name":"(anonymous_3)","decl":{"start":{"line":29,"column":33},"end":{"line":29,"column":34}},"loc":{"start":{"line":29,"column":45},"end":{"line":35,"column":3}},"line":29},"4":{"name":"(anonymous_4)","decl":{"start":{"line":37,"column":26},"end":{"line":37,"column":27}},"loc":{"start":{"line":37,"column":47},"end":{"line":40,"column":3}},"line":37},"5":{"name":"(anonymous_5)","decl":{"start":{"line":42,"column":24},"end":{"line":42,"column":25}},"loc":{"start":{"line":42,"column":30},"end":{"line":45,"column":3}},"line":42},"6":{"name":"(anonymous_6)","decl":{"start":{"line":52,"column":20},"end":{"line":52,"column":21}},"loc":{"start":{"line":53,"column":10},"end":{"line":58,"column":12}},"line":53},"7":{"name":"(anonymous_7)","decl":{"start":{"line":56,"column":20},"end":{"line":56,"column":21}},"loc":{"start":{"line":56,"column":26},"end":{"line":56,"column":51}},"line":56},"8":{"name":"(anonymous_8)","decl":{"start":{"line":57,"column":22},"end":{"line":57,"column":23}},"loc":{"start":{"line":57,"column":28},"end":{"line":57,"column":62}},"line":57}},"branchMap":{"0":{"loc":{"start":{"line":67,"column":7},"end":{"line":79,"column":7}},"type":"binary-expr","locations":[{"start":{"line":67,"column":7},"end":{"line":67,"column":24}},{"start":{"line":68,"column":8},"end":{"line":78,"column":24}}],"line":67}},"s":{"0":7,"1":0,"2":0,"3":0,"4":0,"5":0,"6":0,"7":0,"8":0,"9":0,"10":0,"11":0,"12":0,"13":0,"14":0,"15":0,"16":0,"17":0,"18":0,"19":0,"20":0,"21":0,"22":0,"23":0,"24":0,"25":0,"26":0},"f":{"0":0,"1":0,"2":0,"3":0,"4":0,"5":0,"6":0,"7":0,"8":0},"b":{"0":[0,0]},"_coverageSchema":"1a1c01bbd47fc00a2c39e90264f33305004495a9","hash":"8f324b8f2afd2c784301833d0388c7202a51f2d3"}
,"/Users/dominicgrishajev/Workspace/Pet/react-habits-calendar-tracker/src/components/habit/habits-page/index.ts": {"path":"/Users/dominicgrishajev/Workspace/Pet/react-habits-calendar-tracker/src/components/habit/habits-page/index.ts","statementMap":{},"fnMap":{},"branchMap":{},"s":{},"f":{},"b":{},"_coverageSchema":"1a1c01bbd47fc00a2c39e90264f33305004495a9","hash":"595ae5ae7b660394e8a19d109d62f3ff5ed87eff"}
,"/Users/dominicgrishajev/Workspace/Pet/react-habits-calendar-tracker/src/components/habit/habits-page/styled.ts": {"path":"/Users/dominicgrishajev/Workspace/Pet/react-habits-calendar-tracker/src/components/habit/habits-page/styled.ts","statementMap":{"0":{"start":{"line":3,"column":29},"end":{"line":8,"column":2}},"1":{"start":{"line":10,"column":26},"end":{"line":15,"column":2}},"2":{"start":{"line":17,"column":32},"end":{"line":20,"column":2}},"3":{"start":{"line":22,"column":35},"end":{"line":32,"column":2}},"4":{"start":{"line":34,"column":37},"end":{"line":50,"column":3}},"5":{"start":{"line":34,"column":72},"end":{"line":50,"column":1}},"6":{"start":{"line":52,"column":36},"end":{"line":54,"column":3}},"7":{"start":{"line":52,"column":71},"end":{"line":54,"column":1}},"8":{"start":{"line":56,"column":39},"end":{"line":62,"column":3}},"9":{"start":{"line":56,"column":69},"end":{"line":62,"column":1}},"10":{"start":{"line":64,"column":37},"end":{"line":69,"column":2}},"11":{"start":{"line":71,"column":30},"end":{"line":77,"column":3}},"12":{"start":{"line":71,"column":63},"end":{"line":77,"column":1}}},"fnMap":{"0":{"name":"(anonymous_0)","decl":{"start":{"line":34,"column":56},"end":{"line":34,"column":57}},"loc":{"start":{"line":34,"column":72},"end":{"line":50,"column":1}},"line":34},"1":{"name":"(anonymous_1)","decl":{"start":{"line":52,"column":55},"end":{"line":52,"column":56}},"loc":{"start":{"line":52,"column":71},"end":{"line":54,"column":1}},"line":52},"2":{"name":"(anonymous_2)","decl":{"start":{"line":56,"column":53},"end":{"line":56,"column":54}},"loc":{"start":{"line":56,"column":69},"end":{"line":62,"column":1}},"line":56},"3":{"name":"(anonymous_3)","decl":{"start":{"line":71,"column":47},"end":{"line":71,"column":48}},"loc":{"start":{"line":71,"column":63},"end":{"line":77,"column":1}},"line":71}},"branchMap":{},"s":{"0":8,"1":8,"2":8,"3":8,"4":8,"5":0,"6":8,"7":0,"8":8,"9":0,"10":8,"11":8,"12":0},"f":{"0":0,"1":0,"2":0,"3":0},"b":{},"_coverageSchema":"1a1c01bbd47fc00a2c39e90264f33305004495a9","hash":"6d0c8c16241981b100ab0cf2ad80cf0332bccf5c"}
,"/Users/dominicgrishajev/Workspace/Pet/react-habits-calendar-tracker/src/components/header/Header.tsx": {"path":"/Users/dominicgrishajev/Workspace/Pet/react-habits-calendar-tracker/src/components/header/Header.tsx","statementMap":{"0":{"start":{"line":13,"column":15},"end":{"line":30,"column":1}},"1":{"start":{"line":14,"column":2},"end":{"line":29,"column":4}}},"fnMap":{"0":{"name":"(anonymous_0)","decl":{"start":{"line":13,"column":15},"end":{"line":13,"column":16}},"loc":{"start":{"line":13,"column":21},"end":{"line":30,"column":1}},"line":13}},"branchMap":{},"s":{"0":7,"1":0},"f":{"0":0},"b":{},"_coverageSchema":"1a1c01bbd47fc00a2c39e90264f33305004495a9","hash":"b6a39692687032f2706a88dd98dfb0d7d477b923"}
,"/Users/dominicgrishajev/Workspace/Pet/react-habits-calendar-tracker/src/components/header/ThemeToggle.tsx": {"path":"/Users/dominicgrishajev/Workspace/Pet/react-habits-calendar-tracker/src/components/header/ThemeToggle.tsx","statementMap":{"0":{"start":{"line":8,"column":20},"end":{"line":22,"column":1}},"1":{"start":{"line":9,"column":33},"end":{"line":9,"column":43}},"2":{"start":{"line":11,"column":2},"end":{"line":21,"column":4}}},"fnMap":{"0":{"name":"(anonymous_0)","decl":{"start":{"line":8,"column":20},"end":{"line":8,"column":21}},"loc":{"start":{"line":8,"column":26},"end":{"line":22,"column":1}},"line":8}},"branchMap":{"0":{"loc":{"start":{"line":14,"column":9},"end":{"line":18,"column":9}},"type":"cond-expr","locations":[{"start":{"line":15,"column":10},"end":{"line":15,"column":40}},{"start":{"line":17,"column":10},"end":{"line":17,"column":34}}],"line":14}},"s":{"0":8,"1":0,"2":0},"f":{"0":0},"b":{"0":[0,0]},"_coverageSchema":"1a1c01bbd47fc00a2c39e90264f33305004495a9","hash":"3c90adbc12a468c9fd9ce34f1c4ffe452337595f"}
,"/Users/dominicgrishajev/Workspace/Pet/react-habits-calendar-tracker/src/components/header/index.ts": {"path":"/Users/dominicgrishajev/Workspace/Pet/react-habits-calendar-tracker/src/components/header/index.ts","statementMap":{},"fnMap":{},"branchMap":{},"s":{},"f":{},"b":{},"_coverageSchema":"1a1c01bbd47fc00a2c39e90264f33305004495a9","hash":"c00613fb610ec5cf46846e5be7c560b621d7f57f"}
,"/Users/dominicgrishajev/Workspace/Pet/react-habits-calendar-tracker/src/components/header/styled.ts": {"path":"/Users/dominicgrishajev/Workspace/Pet/react-habits-calendar-tracker/src/components/header/styled.ts","statementMap":{"0":{"start":{"line":4,"column":31},"end":{"line":13,"column":3}},"1":{"start":{"line":4,"column":64},"end":{"line":13,"column":1}},"2":{"start":{"line":15,"column":38},"end":{"line":23,"column":3}},"3":{"start":{"line":15,"column":68},"end":{"line":23,"column":1}},"4":{"start":{"line":25,"column":38},"end":{"line":31,"column":2}},"5":{"start":{"line":33,"column":42},"end":{"line":36,"column":3}},"6":{"start":{"line":33,"column":77},"end":{"line":36,"column":1}}},"fnMap":{"0":{"name":"(anonymous_0)","decl":{"start":{"line":4,"column":48},"end":{"line":4,"column":49}},"loc":{"start":{"line":4,"column":64},"end":{"line":13,"column":1}},"line":4},"1":{"name":"(anonymous_1)","decl":{"start":{"line":15,"column":52},"end":{"line":15,"column":53}},"loc":{"start":{"line":15,"column":68},"end":{"line":23,"column":1}},"line":15},"2":{"name":"(anonymous_2)","decl":{"start":{"line":33,"column":61},"end":{"line":33,"column":62}},"loc":{"start":{"line":33,"column":77},"end":{"line":36,"column":1}},"line":33}},"branchMap":{},"s":{"0":8,"1":0,"2":8,"3":0,"4":8,"5":8,"6":0},"f":{"0":0,"1":0,"2":0},"b":{},"_coverageSchema":"1a1c01bbd47fc00a2c39e90264f33305004495a9","hash":"f43f9b283b2b1f45bef495b19c0b40f3ae83b711"}
,"/Users/dominicgrishajev/Workspace/Pet/react-habits-calendar-tracker/src/components/user-account/AccountPage.tsx": {"path":"/Users/dominicgrishajev/Workspace/Pet/react-habits-calendar-tracker/src/components/user-account/AccountPage.tsx","statementMap":{"0":{"start":{"line":11,"column":20},"end":{"line":107,"column":1}},"1":{"start":{"line":22,"column":6},"end":{"line":22,"column":22}},"2":{"start":{"line":23,"column":27},"end":{"line":23,"column":40}},"3":{"start":{"line":25,"column":19},"end":{"line":25,"column":32}},"4":{"start":{"line":27,"column":2},"end":{"line":37,"column":38}},"5":{"start":{"line":28,"column":31},"end":{"line":28,"column":57}},"6":{"start":{"line":30,"column":4},"end":{"line":36,"column":5}},"7":{"start":{"line":31,"column":6},"end":{"line":35,"column":9}},"8":{"start":{"line":39,"column":2},"end":{"line":45,"column":3}},"9":{"start":{"line":40,"column":4},"end":{"line":44,"column":6}},"10":{"start":{"line":47,"column":2},"end":{"line":62,"column":3}},"11":{"start":{"line":48,"column":4},"end":{"line":61,"column":6}},"12":{"start":{"line":64,"column":41},"end":{"line":67,"column":3}},"13":{"start":{"line":65,"column":4},"end":{"line":65,"column":23}},"14":{"start":{"line":66,"column":4},"end":{"line":66,"column":25}},"15":{"start":{"line":69,"column":2},"end":{"line":106,"column":4}}},"fnMap":{"0":{"name":"(anonymous_0)","decl":{"start":{"line":11,"column":20},"end":{"line":11,"column":21}},"loc":{"start":{"line":11,"column":26},"end":{"line":107,"column":1}},"line":11},"1":{"name":"(anonymous_1)","decl":{"start":{"line":27,"column":18},"end":{"line":27,"column":19}},"loc":{"start":{"line":27,"column":24},"end":{"line":37,"column":3}},"line":27},"2":{"name":"(anonymous_2)","decl":{"start":{"line":64,"column":41},"end":{"line":64,"column":42}},"loc":{"start":{"line":64,"column":48},"end":{"line":67,"column":3}},"line":64}},"branchMap":{"0":{"loc":{"start":{"line":30,"column":4},"end":{"line":36,"column":5}},"type":"if","locations":[{"start":{"line":30,"column":4},"end":{"line":36,"column":5}},{"start":{},"end":{}}],"line":30},"1":{"loc":{"start":{"line":30,"column":8},"end":{"line":30,"column":31}},"type":"binary-expr","locations":[{"start":{"line":30,"column":8},"end":{"line":30,"column":13}},{"start":{"line":30,"column":17},"end":{"line":30,"column":31}}],"line":30},"2":{"loc":{"start":{"line":39,"column":2},"end":{"line":45,"column":3}},"type":"if","locations":[{"start":{"line":39,"column":2},"end":{"line":45,"column":3}},{"start":{},"end":{}}],"line":39},"3":{"loc":{"start":{"line":47,"column":2},"end":{"line":62,"column":3}},"type":"if","locations":[{"start":{"line":47,"column":2},"end":{"line":62,"column":3}},{"start":{},"end":{}}],"line":47}},"s":{"0":7,"1":0,"2":0,"3":0,"4":0,"5":0,"6":0,"7":0,"8":0,"9":0,"10":0,"11":0,"12":0,"13":0,"14":0,"15":0},"f":{"0":0,"1":0,"2":0},"b":{"0":[0,0],"1":[0,0],"2":[0,0],"3":[0,0]},"_coverageSchema":"1a1c01bbd47fc00a2c39e90264f33305004495a9","hash":"cdd9650db041c91c2b60980faf9855d3ff919a55"}
,"/Users/dominicgrishajev/Workspace/Pet/react-habits-calendar-tracker/src/components/user-account/AuthForm.tsx": {"path":"/Users/dominicgrishajev/Workspace/Pet/react-habits-calendar-tracker/src/components/user-account/AuthForm.tsx","statementMap":{"0":{"start":{"line":14,"column":17},"end":{"line":89,"column":1}},"1":{"start":{"line":20,"column":34},"end":{"line":20,"column":52}},"2":{"start":{"line":21,"column":34},"end":{"line":21,"column":52}},"3":{"start":{"line":23,"column":31},"end":{"line":25,"column":3}},"4":{"start":{"line":24,"column":4},"end":{"line":24,"column":36}},"5":{"start":{"line":27,"column":31},"end":{"line":29,"column":3}},"6":{"start":{"line":28,"column":4},"end":{"line":28,"column":36}},"7":{"start":{"line":31,"column":23},"end":{"line":39,"column":3}},"8":{"start":{"line":32,"column":4},"end":{"line":38,"column":5}},"9":{"start":{"line":33,"column":6},"end":{"line":33,"column":29}},"10":{"start":{"line":34,"column":6},"end":{"line":34,"column":35}},"11":{"start":{"line":36,"column":6},"end":{"line":36,"column":23}},"12":{"start":{"line":37,"column":6},"end":{"line":37,"column":20}},"13":{"start":{"line":41,"column":22},"end":{"line":44,"column":3}},"14":{"start":{"line":42,"column":4},"end":{"line":42,"column":20}},"15":{"start":{"line":43,"column":4},"end":{"line":43,"column":20}},"16":{"start":{"line":46,"column":23},"end":{"line":49,"column":3}},"17":{"start":{"line":47,"column":4},"end":{"line":47,"column":18}},"18":{"start":{"line":48,"column":4},"end":{"line":48,"column":15}},"19":{"start":{"line":51,"column":2},"end":{"line":88,"column":4}}},"fnMap":{"0":{"name":"(anonymous_0)","decl":{"start":{"line":14,"column":17},"end":{"line":14,"column":18}},"loc":{"start":{"line":19,"column":21},"end":{"line":89,"column":1}},"line":19},"1":{"name":"(anonymous_1)","decl":{"start":{"line":23,"column":31},"end":{"line":23,"column":32}},"loc":{"start":{"line":23,"column":79},"end":{"line":25,"column":3}},"line":23},"2":{"name":"(anonymous_2)","decl":{"start":{"line":27,"column":31},"end":{"line":27,"column":32}},"loc":{"start":{"line":27,"column":79},"end":{"line":29,"column":3}},"line":27},"3":{"name":"(anonymous_3)","decl":{"start":{"line":31,"column":23},"end":{"line":31,"column":24}},"loc":{"start":{"line":31,"column":74},"end":{"line":39,"column":3}},"line":31},"4":{"name":"(anonymous_4)","decl":{"start":{"line":41,"column":22},"end":{"line":41,"column":23}},"loc":{"start":{"line":41,"column":28},"end":{"line":44,"column":3}},"line":41},"5":{"name":"(anonymous_5)","decl":{"start":{"line":46,"column":23},"end":{"line":46,"column":24}},"loc":{"start":{"line":46,"column":29},"end":{"line":49,"column":3}},"line":46}},"branchMap":{},"s":{"0":7,"1":0,"2":0,"3":0,"4":0,"5":0,"6":0,"7":0,"8":0,"9":0,"10":0,"11":0,"12":0,"13":0,"14":0,"15":0,"16":0,"17":0,"18":0,"19":0},"f":{"0":0,"1":0,"2":0,"3":0,"4":0,"5":0},"b":{},"_coverageSchema":"1a1c01bbd47fc00a2c39e90264f33305004495a9","hash":"b7c5f048e5af1601756f95d65515fe12e6e3feac"}
,"/Users/dominicgrishajev/Workspace/Pet/react-habits-calendar-tracker/src/components/user-account/AuthModalButton.tsx": {"path":"/Users/dominicgrishajev/Workspace/Pet/react-habits-calendar-tracker/src/components/user-account/AuthModalButton.tsx","statementMap":{"0":{"start":{"line":22,"column":24},"end":{"line":139,"column":1}},"1":{"start":{"line":23,"column":54},"end":{"line":23,"column":70}},"2":{"start":{"line":24,"column":26},"end":{"line":24,"column":47}},"3":{"start":{"line":25,"column":26},"end":{"line":25,"column":71}},"4":{"start":{"line":26,"column":15},"end":{"line":26,"column":24}},"5":{"start":{"line":28,"column":22},"end":{"line":32,"column":3}},"6":{"start":{"line":29,"column":4},"end":{"line":31,"column":5}},"7":{"start":{"line":30,"column":6},"end":{"line":30,"column":20}},"8":{"start":{"line":34,"column":22},"end":{"line":37,"column":3}},"9":{"start":{"line":35,"column":4},"end":{"line":35,"column":21}},"10":{"start":{"line":36,"column":4},"end":{"line":36,"column":19}},"11":{"start":{"line":39,"column":26},"end":{"line":44,"column":3}},"12":{"start":{"line":43,"column":4},"end":{"line":43,"column":46}},"13":{"start":{"line":46,"column":23},"end":{"line":56,"column":3}},"14":{"start":{"line":47,"column":4},"end":{"line":55,"column":18}},"15":{"start":{"line":48,"column":6},"end":{"line":52,"column":7}},"16":{"start":{"line":49,"column":8},"end":{"line":49,"column":40}},"17":{"start":{"line":51,"column":8},"end":{"line":51,"column":43}},"18":{"start":{"line":54,"column":6},"end":{"line":54,"column":20}},"19":{"start":{"line":58,"column":24},"end":{"line":62,"column":3}},"20":{"start":{"line":64,"column":22},"end":{"line":64,"column":62}},"21":{"start":{"line":66,"column":2},"end":{"line":138,"column":4}},"22":{"start":{"line":82,"column":48},"end":{"line":82,"column":56}}},"fnMap":{"0":{"name":"(anonymous_0)","decl":{"start":{"line":22,"column":24},"end":{"line":22,"column":25}},"loc":{"start":{"line":22,"column":30},"end":{"line":139,"column":1}},"line":22},"1":{"name":"(anonymous_1)","decl":{"start":{"line":28,"column":22},"end":{"line":28,"column":23}},"loc":{"start":{"line":28,"column":28},"end":{"line":32,"column":3}},"line":28},"2":{"name":"(anonymous_2)","decl":{"start":{"line":34,"column":22},"end":{"line":34,"column":23}},"loc":{"start":{"line":34,"column":28},"end":{"line":37,"column":3}},"line":34},"3":{"name":"(anonymous_3)","decl":{"start":{"line":39,"column":26},"end":{"line":39,"column":27}},"loc":{"start":{"line":42,"column":7},"end":{"line":44,"column":3}},"line":42},"4":{"name":"(anonymous_4)","decl":{"start":{"line":46,"column":23},"end":{"line":46,"column":24}},"loc":{"start":{"line":46,"column":69},"end":{"line":56,"column":3}},"line":46},"5":{"name":"(anonymous_5)","decl":{"start":{"line":82,"column":42},"end":{"line":82,"column":43}},"loc":{"start":{"line":82,"column":48},"end":{"line":82,"column":56}},"line":82}},"branchMap":{"0":{"loc":{"start":{"line":29,"column":4},"end":{"line":31,"column":5}},"type":"if","locations":[{"start":{"line":29,"column":4},"end":{"line":31,"column":5}},{"start":{},"end":{}}],"line":29},"1":{"loc":{"start":{"line":48,"column":6},"end":{"line":52,"column":7}},"type":"if","locations":[{"start":{"line":48,"column":6},"end":{"line":52,"column":7}},{"start":{"line":50,"column":13},"end":{"line":52,"column":7}}],"line":48},"2":{"loc":{"start":{"line":64,"column":22},"end":{"line":64,"column":62}},"type":"cond-expr","locations":[{"start":{"line":64,"column":41},"end":{"line":64,"column":49}},{"start":{"line":64,"column":52},"end":{"line":64,"column":62}}],"line":64},"3":{"loc":{"start":{"line":70,"column":26},"end":{"line":70,"column":73}},"type":"cond-expr","locations":[{"start":{"line":70,"column":37},"end":{"line":70,"column":41}},{"start":{"line":70,"column":44},"end":{"line":70,"column":73}}],"line":70},"4":{"loc":{"start":{"line":72,"column":15},"end":{"line":77,"column":16}},"type":"cond-expr","locations":[{"start":{"line":73,"column":14},"end":{"line":76,"column":15}},{"start":{"line":77,"column":14},"end":{"line":77,"column":16}}],"line":72},"5":{"loc":{"start":{"line":79,"column":11},"end":{"line":79,"column":42}},"type":"cond-expr","locations":[{"start":{"line":79,"column":22},"end":{"line":79,"column":31}},{"start":{"line":79,"column":34},"end":{"line":79,"column":42}}],"line":79},"6":{"loc":{"start":{"line":81,"column":9},"end":{"line":85,"column":9}},"type":"binary-expr","locations":[{"start":{"line":81,"column":9},"end":{"line":81,"column":17}},{"start":{"line":82,"column":10},"end":{"line":84,"column":34}}],"line":81}},"s":{"0":7,"1":0,"2":0,"3":0,"4":0,"5":0,"6":0,"7":0,"8":0,"9":0,"10":0,"11":0,"12":0,"13":0,"14":0,"15":0,"16":0,"17":0,"18":0,"19":0,"20":0,"21":0,"22":0},"f":{"0":0,"1":0,"2":0,"3":0,"4":0,"5":0},"b":{"0":[0,0],"1":[0,0],"2":[0,0],"3":[0,0],"4":[0,0],"5":[0,0],"6":[0,0]},"_coverageSchema":"1a1c01bbd47fc00a2c39e90264f33305004495a9","hash":"36c3fcef4689495e27a5a55a066e438abdf153a9"}
,"/Users/dominicgrishajev/Workspace/Pet/react-habits-calendar-tracker/src/components/user-account/index.ts": {"path":"/Users/dominicgrishajev/Workspace/Pet/react-habits-calendar-tracker/src/components/user-account/index.ts","statementMap":{},"fnMap":{},"branchMap":{},"s":{},"f":{},"b":{},"_coverageSchema":"1a1c01bbd47fc00a2c39e90264f33305004495a9","hash":"82b52b36a33f6eae49c78fd2cb0057780c323241"}
,"/Users/dominicgrishajev/Workspace/Pet/react-habits-calendar-tracker/src/components/user-account/styled.ts": {"path":"/Users/dominicgrishajev/Workspace/Pet/react-habits-calendar-tracker/src/components/user-account/styled.ts","statementMap":{"0":{"start":{"line":3,"column":35},"end":{"line":7,"column":3}},"1":{"start":{"line":3,"column":73},"end":{"line":7,"column":1}},"2":{"start":{"line":9,"column":32},"end":{"line":26,"column":3}},"3":{"start":{"line":9,"column":63},"end":{"line":26,"column":1}},"4":{"start":{"line":28,"column":42},"end":{"line":36,"column":2}},"5":{"start":{"line":38,"column":37},"end":{"line":49,"column":3}},"6":{"start":{"line":38,"column":72},"end":{"line":49,"column":1}},"7":{"start":{"line":51,"column":33},"end":{"line":53,"column":2}}},"fnMap":{"0":{"name":"(anonymous_0)","decl":{"start":{"line":3,"column":57},"end":{"line":3,"column":58}},"loc":{"start":{"line":3,"column":73},"end":{"line":7,"column":1}},"line":3},"1":{"name":"(anonymous_1)","decl":{"start":{"line":9,"column":47},"end":{"line":9,"column":48}},"loc":{"start":{"line":9,"column":63},"end":{"line":26,"column":1}},"line":9},"2":{"name":"(anonymous_2)","decl":{"start":{"line":38,"column":56},"end":{"line":38,"column":57}},"loc":{"start":{"line":38,"column":72},"end":{"line":49,"column":1}},"line":38}},"branchMap":{},"s":{"0":7,"1":0,"2":7,"3":0,"4":7,"5":7,"6":0,"7":7},"f":{"0":0,"1":0,"2":0},"b":{},"_coverageSchema":"1a1c01bbd47fc00a2c39e90264f33305004495a9","hash":"8cdf36245862e3f8842cff11199e6355a01eb655"}
[...]
,"/Users/dominicgrishajev/Workspace/Pet/react-habits-calendar-tracker/src/services/occurrences.ts": {"path":"/Users/dominicgrishajev/Workspace/Pet/react-habits-calendar-tracker/src/services/occurrences.ts","statementMap":{"0":{"start":{"line":17,"column":32},"end":{"line":24,"column":1}},"1":{"start":{"line":18,"column":21},"end":{"line":18,"column":54}},"2":{"start":{"line":19,"column":27},"end":{"line":22,"column":3}},"3":{"start":{"line":23,"column":2},"end":{"line":23,"column":49}},"4":{"start":{"line":26,"column":31},"end":{"line":34,"column":1}},"5":{"start":{"line":27,"column":22},"end":{"line":31,"column":3}},"6":{"start":{"line":33,"column":2},"end":{"line":33,"column":73}},"7":{"start":{"line":36,"column":32},"end":{"line":46,"column":1}},"8":{"start":{"line":40,"column":27},"end":{"line":44,"column":3}},"9":{"start":{"line":45,"column":2},"end":{"line":45,"column":49}},"10":{"start":{"line":48,"column":33},"end":{"line":55,"column":1}},"11":{"start":{"line":49,"column":30},"end":{"line":52,"column":3}},"12":{"start":{"line":54,"column":2},"end":{"line":54,"column":52}}},"fnMap":{"0":{"name":"(anonymous_0)","decl":{"start":{"line":17,"column":32},"end":{"line":17,"column":33}},"loc":{"start":{"line":17,"column":63},"end":{"line":24,"column":1}},"line":17},"1":{"name":"(anonymous_1)","decl":{"start":{"line":26,"column":31},"end":{"line":26,"column":32}},"loc":{"start":{"line":26,"column":66},"end":{"line":34,"column":1}},"line":26},"2":{"name":"(anonymous_2)","decl":{"start":{"line":36,"column":32},"end":{"line":36,"column":33}},"loc":{"start":{"line":39,"column":5},"end":{"line":46,"column":1}},"line":39},"3":{"name":"(anonymous_3)","decl":{"start":{"line":48,"column":33},"end":{"line":48,"column":34}},"loc":{"start":{"line":48,"column":55},"end":{"line":55,"column":1}},"line":48}},"branchMap":{},"s":{"0":20,"1":0,"2":0,"3":0,"4":20,"5":0,"6":0,"7":20,"8":0,"9":0,"10":20,"11":0,"12":0},"f":{"0":0,"1":0,"2":0,"3":0},"b":{},"_coverageSchema":"1a1c01bbd47fc00a2c39e90264f33305004495a9","hash":"4b31c3dbb49f3ed46c071f390579abb49b534846"}
,"/Users/dominicgrishajev/Workspace/Pet/react-habits-calendar-tracker/src/services/storage.ts": {"path":"/Users/dominicgrishajev/Workspace/Pet/react-habits-calendar-tracker/src/services/storage.ts","statementMap":{"0":{"start":{"line":7,"column":25},"end":{"line":13,"column":1}},"1":{"start":{"line":8,"column":2},"end":{"line":12,"column":5}},"2":{"start":{"line":15,"column":26},"end":{"line":24,"column":1}},"3":{"start":{"line":20,"column":2},"end":{"line":23,"column":5}},"4":{"start":{"line":26,"column":26},"end":{"line":34,"column":1}},"5":{"start":{"line":31,"column":2},"end":{"line":33,"column":64}},"6":{"start":{"line":36,"column":26},"end":{"line":38,"column":1}},"7":{"start":{"line":37,"column":2},"end":{"line":37,"column":60}}},"fnMap":{"0":{"name":"(anonymous_0)","decl":{"start":{"line":7,"column":25},"end":{"line":7,"column":26}},"loc":{"start":{"line":7,"column":75},"end":{"line":13,"column":1}},"line":7},"1":{"name":"(anonymous_1)","decl":{"start":{"line":15,"column":26},"end":{"line":15,"column":27}},"loc":{"start":{"line":19,"column":5},"end":{"line":24,"column":1}},"line":19},"2":{"name":"(anonymous_2)","decl":{"start":{"line":26,"column":26},"end":{"line":26,"column":27}},"loc":{"start":{"line":30,"column":5},"end":{"line":34,"column":1}},"line":30},"3":{"name":"(anonymous_3)","decl":{"start":{"line":36,"column":26},"end":{"line":36,"column":27}},"loc":{"start":{"line":36,"column":74},"end":{"line":38,"column":1}},"line":36}},"branchMap":{},"s":{"0":20,"1":0,"2":20,"3":0,"4":20,"5":0,"6":20,"7":0},"f":{"0":0,"1":0,"2":0,"3":0},"b":{},"_coverageSchema":"1a1c01bbd47fc00a2c39e90264f33305004495a9","hash":"129ad763e9560c172aebd30bc5e6490854625ca9"}
,"/Users/dominicgrishajev/Workspace/Pet/react-habits-calendar-tracker/src/services/supabase.ts": {"path":"/Users/dominicgrishajev/Workspace/Pet/react-habits-calendar-tracker/src/services/supabase.ts","statementMap":{"0":{"start":{"line":20,"column":21},"end":{"line":21,"column":33}},"1":{"start":{"line":21,"column":2},"end":{"line":21,"column":33}},"2":{"start":{"line":23,"column":19},"end":{"line":35,"column":1}},"3":{"start":{"line":26,"column":18},"end":{"line":26,"column":47}},"4":{"start":{"line":28,"column":26},"end":{"line":28,"column":39}},"5":{"start":{"line":30,"column":2},"end":{"line":32,"column":3}},"6":{"start":{"line":31,"column":4},"end":{"line":31,"column":35}},"7":{"start":{"line":34,"column":2},"end":{"line":34,"column":21}},"8":{"start":{"line":37,"column":26},"end":{"line":54,"column":1}},"9":{"start":{"line":42,"column":18},"end":{"line":45,"column":29}},"10":{"start":{"line":47,"column":26},"end":{"line":47,"column":39}},"11":{"start":{"line":49,"column":2},"end":{"line":51,"column":3}},"12":{"start":{"line":50,"column":4},"end":{"line":50,"column":35}},"13":{"start":{"line":53,"column":2},"end":{"line":53,"column":21}},"14":{"start":{"line":56,"column":20},"end":{"line":67,"column":1}},"15":{"start":{"line":60,"column":26},"end":{"line":60,"column":71}},"16":{"start":{"line":62,"column":2},"end":{"line":64,"column":3}},"17":{"start":{"line":63,"column":4},"end":{"line":63,"column":35}},"18":{"start":{"line":66,"column":2},"end":{"line":66,"column":19}},"19":{"start":{"line":69,"column":21},"end":{"line":83,"column":1}},"20":{"start":{"line":74,"column":26},"end":{"line":76,"column":13}},"21":{"start":{"line":78,"column":2},"end":{"line":80,"column":3}},"22":{"start":{"line":79,"column":4},"end":{"line":79,"column":35}},"23":{"start":{"line":82,"column":2},"end":{"line":82,"column":19}},"24":{"start":{"line":85,"column":23},"end":{"line":99,"column":1}},"25":{"start":{"line":89,"column":26},"end":{"line":92,"column":13}},"26":{"start":{"line":94,"column":2},"end":{"line":96,"column":3}},"27":{"start":{"line":95,"column":4},"end":{"line":95,"column":35}},"28":{"start":{"line":98,"column":2},"end":{"line":98,"column":19}}},"fnMap":{"0":{"name":"(anonymous_0)","decl":{"start":{"line":20,"column":21},"end":{"line":20,"column":22}},"loc":{"start":{"line":21,"column":2},"end":{"line":21,"column":33}},"line":21},"1":{"name":"(anonymous_1)","decl":{"start":{"line":23,"column":19},"end":{"line":23,"column":20}},"loc":{"start":{"line":25,"column":19},"end":{"line":35,"column":1}},"line":25},"2":{"name":"(anonymous_2)","decl":{"start":{"line":37,"column":26},"end":{"line":37,"column":27}},"loc":{"start":{"line":41,"column":19},"end":{"line":54,"column":1}},"line":41},"3":{"name":"(anonymous_3)","decl":{"start":{"line":56,"column":20},"end":{"line":56,"column":21}},"loc":{"start":{"line":59,"column":17},"end":{"line":67,"column":1}},"line":59},"4":{"name":"(anonymous_4)","decl":{"start":{"line":69,"column":21},"end":{"line":69,"column":22}},"loc":{"start":{"line":73,"column":17},"end":{"line":83,"column":1}},"line":73},"5":{"name":"(anonymous_5)","decl":{"start":{"line":85,"column":23},"end":{"line":85,"column":24}},"loc":{"start":{"line":88,"column":17},"end":{"line":99,"column":1}},"line":88}},"branchMap":{"0":{"loc":{"start":{"line":30,"column":2},"end":{"line":32,"column":3}},"type":"if","locations":[{"start":{"line":30,"column":2},"end":{"line":32,"column":3}},{"start":{},"end":{}}],"line":30},"1":{"loc":{"start":{"line":49,"column":2},"end":{"line":51,"column":3}},"type":"if","locations":[{"start":{"line":49,"column":2},"end":{"line":51,"column":3}},{"start":{},"end":{}}],"line":49},"2":{"loc":{"start":{"line":62,"column":2},"end":{"line":64,"column":3}},"type":"if","locations":[{"start":{"line":62,"column":2},"end":{"line":64,"column":3}},{"start":{},"end":{}}],"line":62},"3":{"loc":{"start":{"line":78,"column":2},"end":{"line":80,"column":3}},"type":"if","locations":[{"start":{"line":78,"column":2},"end":{"line":80,"column":3}},{"start":{},"end":{}}],"line":78},"4":{"loc":{"start":{"line":94,"column":2},"end":{"line":96,"column":3}},"type":"if","locations":[{"start":{"line":94,"column":2},"end":{"line":96,"column":3}},{"start":{},"end":{}}],"line":94}},"s":{"0":20,"1":0,"2":20,"3":0,"4":0,"5":0,"6":0,"7":0,"8":20,"9":0,"10":0,"11":0,"12":0,"13":0,"14":20,"15":0,"16":0,"17":0,"18":0,"19":20,"20":0,"21":0,"22":0,"23":0,"24":20,"25":0,"26":0,"27":0,"28":0},"f":{"0":0,"1":0,"2":0,"3":0,"4":0,"5":0},"b":{"0":[0,0],"1":[0,0],"2":[0,0],"3":[0,0],"4":[0,0]},"_coverageSchema":"1a1c01bbd47fc00a2c39e90264f33305004495a9","hash":"346e96dd1eb8e9219a27a415cfbb8abca8702cb0"}
,"/Users/dominicgrishajev/Workspace/Pet/react-habits-calendar-tracker/src/services/traits.ts": {"path":"/Users/dominicgrishajev/Workspace/Pet/react-habits-calendar-tracker/src/services/traits.ts","statementMap":{"0":{"start":{"line":12,"column":27},"end":{"line":14,"column":1}},"1":{"start":{"line":13,"column":2},"end":{"line":13,"column":56}},"2":{"start":{"line":16,"column":26},"end":{"line":18,"column":1}},"3":{"start":{"line":17,"column":2},"end":{"line":17,"column":40}},"4":{"start":{"line":20,"column":26},"end":{"line":22,"column":1}},"5":{"start":{"line":21,"column":2},"end":{"line":21,"column":52}},"6":{"start":{"line":24,"column":28},"end":{"line":26,"column":1}},"7":{"start":{"line":25,"column":2},"end":{"line":25,"column":48}}},"fnMap":{"0":{"name":"(anonymous_0)","decl":{"start":{"line":12,"column":27},"end":{"line":12,"column":28}},"loc":{"start":{"line":12,"column":50},"end":{"line":14,"column":1}},"line":12},"1":{"name":"(anonymous_1)","decl":{"start":{"line":16,"column":26},"end":{"line":16,"column":27}},"loc":{"start":{"line":16,"column":32},"end":{"line":18,"column":1}},"line":16},"2":{"name":"(anonymous_2)","decl":{"start":{"line":20,"column":26},"end":{"line":20,"column":27}},"loc":{"start":{"line":20,"column":68},"end":{"line":22,"column":1}},"line":20},"3":{"name":"(anonymous_3)","decl":{"start":{"line":24,"column":28},"end":{"line":24,"column":29}},"loc":{"start":{"line":24,"column":44},"end":{"line":26,"column":1}},"line":24}},"branchMap":{},"s":{"0":20,"1":0,"2":20,"3":0,"4":20,"5":0,"6":20,"7":0},"f":{"0":0,"1":0,"2":0,"3":0},"b":{},"_coverageSchema":"1a1c01bbd47fc00a2c39e90264f33305004495a9","hash":"f3bd96f126e77abf4b89b4d444a5ba6e6d2cf1fb"}
,"/Users/dominicgrishajev/Workspace/Pet/react-habits-calendar-tracker/src/services/user-account.ts": {"path":"/Users/dominicgrishajev/Workspace/Pet/react-habits-calendar-tracker/src/services/user-account.ts","statementMap":{"0":{"start":{"line":11,"column":22},"end":{"line":22,"column":1}},"1":{"start":{"line":15,"column":2},"end":{"line":21,"column":5}},"2":{"start":{"line":24,"column":22},"end":{"line":32,"column":1}},"3":{"start":{"line":28,"column":2},"end":{"line":31,"column":5}},"4":{"start":{"line":34,"column":23},"end":{"line":36,"column":1}},"5":{"start":{"line":35,"column":2},"end":{"line":35,"column":39}},"6":{"start":{"line":38,"column":30},"end":{"line":41,"column":1}},"7":{"start":{"line":39,"column":26},"end":{"line":39,"column":72}},"8":{"start":{"line":40,"column":2},"end":{"line":40,"column":46}},"9":{"start":{"line":43,"column":33},"end":{"line":48,"column":1}},"10":{"start":{"line":47,"column":2},"end":{"line":47,"column":50}}},"fnMap":{"0":{"name":"(anonymous_0)","decl":{"start":{"line":11,"column":22},"end":{"line":11,"column":23}},"loc":{"start":{"line":14,"column":28},"end":{"line":22,"column":1}},"line":14},"1":{"name":"(anonymous_1)","decl":{"start":{"line":24,"column":22},"end":{"line":24,"column":23}},"loc":{"start":{"line":27,"column":41},"end":{"line":32,"column":1}},"line":27},"2":{"name":"(anonymous_2)","decl":{"start":{"line":34,"column":23},"end":{"line":34,"column":24}},"loc":{"start":{"line":34,"column":35},"end":{"line":36,"column":1}},"line":34},"3":{"name":"(anonymous_3)","decl":{"start":{"line":38,"column":30},"end":{"line":38,"column":31}},"loc":{"start":{"line":38,"column":42},"end":{"line":41,"column":1}},"line":38},"4":{"name":"(anonymous_4)","decl":{"start":{"line":43,"column":33},"end":{"line":43,"column":34}},"loc":{"start":{"line":46,"column":5},"end":{"line":48,"column":1}},"line":46}},"branchMap":{},"s":{"0":20,"1":0,"2":20,"3":0,"4":20,"5":0,"6":20,"7":0,"8":0,"9":20,"10":0},"f":{"0":0,"1":0,"2":0,"3":0,"4":0},"b":{},"_coverageSchema":"1a1c01bbd47fc00a2c39e90264f33305004495a9","hash":"c511dac876081ec47009402bbf21ddf3a48605e6"}
,"/Users/dominicgrishajev/Workspace/Pet/react-habits-calendar-tracker/src/utils/capitalizeFirstLetter.ts": {"path":"/Users/dominicgrishajev/Workspace/Pet/react-habits-calendar-tracker/src/utils/capitalizeFirstLetter.ts","statementMap":{"0":{"start":{"line":1,"column":37},"end":{"line":3,"column":1}},"1":{"start":{"line":2,"column":2},"end":{"line":2,"column":58}}},"fnMap":{"0":{"name":"(anonymous_0)","decl":{"start":{"line":1,"column":37},"end":{"line":1,"column":38}},"loc":{"start":{"line":1,"column":57},"end":{"line":3,"column":1}},"line":1}},"branchMap":{},"s":{"0":21,"1":0},"f":{"0":0},"b":{},"_coverageSchema":"1a1c01bbd47fc00a2c39e90264f33305004495a9","hash":"03ce6d05e21391e11d5444fc47ce22d4ef58b5d3"}
,"/Users/dominicgrishajev/Workspace/Pet/react-habits-calendar-tracker/src/utils/generateCalendarRange.ts": {"path":"/Users/dominicgrishajev/Workspace/Pet/react-habits-calendar-tracker/src/utils/generateCalendarRange.ts","statementMap":{"0":{"start":{"line":4,"column":37},"end":{"line":19,"column":1}},"1":{"start":{"line":8,"column":16},"end":{"line":8,"column":51}},"2":{"start":{"line":10,"column":19},"end":{"line":10,"column":61}},"3":{"start":{"line":11,"column":23},"end":{"line":11,"column":68}},"4":{"start":{"line":12,"column":18},"end":{"line":12,"column":71}},"5":{"start":{"line":14,"column":20},"end":{"line":14,"column":77}},"6":{"start":{"line":15,"column":19},"end":{"line":15,"column":73}},"7":{"start":{"line":16,"column":20},"end":{"line":16,"column":30}},"8":{"start":{"line":17,"column":18},"end":{"line":17,"column":27}},"9":{"start":{"line":18,"column":2},"end":{"line":18,"column":30}}},"fnMap":{"0":{"name":"(anonymous_0)","decl":{"start":{"line":4,"column":37},"end":{"line":4,"column":38}},"loc":{"start":{"line":7,"column":23},"end":{"line":19,"column":1}},"line":7}},"branchMap":{},"s":{"0":21,"1":0,"2":0,"3":0,"4":0,"5":0,"6":0,"7":0,"8":0,"9":0},"f":{"0":0},"b":{},"_coverageSchema":"1a1c01bbd47fc00a2c39e90264f33305004495a9","hash":"2c2f39f074b199a1c2e73597b8126117fd870f94"}
,"/Users/dominicgrishajev/Workspace/Pet/react-habits-calendar-tracker/src/utils/getHabitIconUrl.ts": {"path":"/Users/dominicgrishajev/Workspace/Pet/react-habits-calendar-tracker/src/utils/getHabitIconUrl.ts","statementMap":{"0":{"start":{"line":1,"column":31},"end":{"line":5,"column":1}},"1":{"start":{"line":2,"column":2},"end":{"line":4,"column":5}}},"fnMap":{"0":{"name":"(anonymous_0)","decl":{"start":{"line":1,"column":31},"end":{"line":1,"column":32}},"loc":{"start":{"line":1,"column":51},"end":{"line":5,"column":1}},"line":1}},"branchMap":{"0":{"loc":{"start":{"line":3,"column":4},"end":{"line":3,"column":26}},"type":"binary-expr","locations":[{"start":{"line":3,"column":4},"end":{"line":3,"column":9}},{"start":{"line":3,"column":13},"end":{"line":3,"column":26}}],"line":3}},"s":{"0":21,"1":0},"f":{"0":0},"b":{"0":[0,0]},"_coverageSchema":"1a1c01bbd47fc00a2c39e90264f33305004495a9","hash":"fc4ce3e6a8c85bec2482803824f6997576c8cf5f"}
,"/Users/dominicgrishajev/Workspace/Pet/react-habits-calendar-tracker/src/utils/index.ts": {"path":"/Users/dominicgrishajev/Workspace/Pet/react-habits-calendar-tracker/src/utils/index.ts","statementMap":{},"fnMap":{},"branchMap":{},"s":{},"f":{},"b":{},"_coverageSchema":"1a1c01bbd47fc00a2c39e90264f33305004495a9","hash":"311dc7ade1afe8252a648c24ef5f5a7096c43f23"}
,"/Users/dominicgrishajev/Workspace/Pet/react-habits-calendar-tracker/src/utils/transformEntity.ts": {"path":"/Users/dominicgrishajev/Workspace/Pet/react-habits-calendar-tracker/src/utils/transformEntity.ts","statementMap":{"0":{"start":{"line":1,"column":27},"end":{"line":12,"column":1}},"1":{"start":{"line":2,"column":2},"end":{"line":11,"column":14}},"2":{"start":{"line":5,"column":6},"end":{"line":7,"column":7}},"3":{"start":{"line":6,"column":8},"end":{"line":6,"column":20}},"4":{"start":{"line":9,"column":6},"end":{"line":9,"column":58}},"5":{"start":{"line":14,"column":27},"end":{"line":25,"column":1}},"6":{"start":{"line":15,"column":2},"end":{"line":24,"column":14}},"7":{"start":{"line":18,"column":6},"end":{"line":20,"column":7}},"8":{"start":{"line":19,"column":8},"end":{"line":19,"column":40}},"9":{"start":{"line":22,"column":6},"end":{"line":22,"column":18}},"10":{"start":{"line":27,"column":37},"end":{"line":35,"column":1}},"11":{"start":{"line":28,"column":24},"end":{"line":32,"column":4}},"12":{"start":{"line":29,"column":4},"end":{"line":31,"column":6}},"13":{"start":{"line":34,"column":2},"end":{"line":34,"column":45}},"14":{"start":{"line":37,"column":37},"end":{"line":45,"column":1}},"15":{"start":{"line":38,"column":24},"end":{"line":42,"column":4}},"16":{"start":{"line":39,"column":4},"end":{"line":41,"column":6}},"17":{"start":{"line":44,"column":2},"end":{"line":44,"column":45}},"18":{"start":{"line":47,"column":39},"end":{"line":51,"column":1}},"19":{"start":{"line":50,"column":2},"end":{"line":50,"column":45}},"20":{"start":{"line":53,"column":39},"end":{"line":57,"column":1}},"21":{"start":{"line":56,"column":2},"end":{"line":56,"column":45}}},"fnMap":{"0":{"name":"(anonymous_0)","decl":{"start":{"line":1,"column":27},"end":{"line":1,"column":28}},"loc":{"start":{"line":1,"column":44},"end":{"line":12,"column":1}},"line":1},"1":{"name":"(anonymous_1)","decl":{"start":{"line":4,"column":9},"end":{"line":4,"column":10}},"loc":{"start":{"line":4,"column":26},"end":{"line":10,"column":5}},"line":4},"2":{"name":"(anonymous_2)","decl":{"start":{"line":14,"column":27},"end":{"line":14,"column":28}},"loc":{"start":{"line":14,"column":44},"end":{"line":25,"column":1}},"line":14},"3":{"name":"(anonymous_3)","decl":{"start":{"line":17,"column":9},"end":{"line":17,"column":10}},"loc":{"start":{"line":17,"column":19},"end":{"line":23,"column":5}},"line":17},"4":{"name":"(anonymous_4)","decl":{"start":{"line":27,"column":37},"end":{"line":27,"column":38}},"loc":{"start":{"line":27,"column":73},"end":{"line":35,"column":1}},"line":27},"5":{"name":"(anonymous_5)","decl":{"start":{"line":28,"column":51},"end":{"line":28,"column":52}},"loc":{"start":{"line":28,"column":69},"end":{"line":32,"column":3}},"line":28},"6":{"name":"(anonymous_6)","decl":{"start":{"line":37,"column":37},"end":{"line":37,"column":38}},"loc":{"start":{"line":37,"column":70},"end":{"line":45,"column":1}},"line":37},"7":{"name":"(anonymous_7)","decl":{"start":{"line":38,"column":51},"end":{"line":38,"column":52}},"loc":{"start":{"line":38,"column":69},"end":{"line":42,"column":3}},"line":38},"8":{"name":"(anonymous_8)","decl":{"start":{"line":47,"column":39},"end":{"line":47,"column":40}},"loc":{"start":{"line":49,"column":10},"end":{"line":51,"column":1}},"line":49},"9":{"name":"(anonymous_9)","decl":{"start":{"line":53,"column":39},"end":{"line":53,"column":40}},"loc":{"start":{"line":55,"column":10},"end":{"line":57,"column":1}},"line":55}},"branchMap":{"0":{"loc":{"start":{"line":5,"column":6},"end":{"line":7,"column":7}},"type":"if","locations":[{"start":{"line":5,"column":6},"end":{"line":7,"column":7}},{"start":{},"end":{}}],"line":5},"1":{"loc":{"start":{"line":18,"column":6},"end":{"line":20,"column":7}},"type":"if","locations":[{"start":{"line":18,"column":6},"end":{"line":20,"column":7}},{"start":{},"end":{}}],"line":18}},"s":{"0":20,"1":0,"2":0,"3":0,"4":0,"5":20,"6":0,"7":0,"8":0,"9":0,"10":20,"11":0,"12":0,"13":0,"14":20,"15":0,"16":0,"17":0,"18":20,"19":0,"20":20,"21":0},"f":{"0":0,"1":0,"2":0,"3":0,"4":0,"5":0,"6":0,"7":0,"8":0,"9":0},"b":{"0":[0,0],"1":[0,0]},"_coverageSchema":"1a1c01bbd47fc00a2c39e90264f33305004495a9","hash":"2046243846b81e7b4f749b410cbd7188d3d79c2c"}
}
